2024-03-07 10:23:27,480 [INFO] Activator:176 - 


2024-03-07 10:23:27,483 [INFO] Activator:177 - !SESSION log4j initialized
2024-03-07 10:23:32,000 [ERROR] LogOutputStream:75 - [STDERR_REDIRECT] 
2024-03-07 10:23:32,613 [INFO] LogOutputStream:77 - [STDOUT_REDIRECT] 
2024-03-07 10:23:34,304 [INFO] LogOutputStream:77 - [STDOUT_REDIRECT] 
2024-03-07 10:23:35,392 [ERROR] LogOutputStream:75 - [STDERR_REDIRECT] [Fatal Error] :2:10: DOCTYPE is disallowed when the feature "http://apache.org/xml/features/disallow-doctype-decl" set to true.
2024-03-07 10:23:35,393 [ERROR] LogOutputStream:75 - [STDERR_REDIRECT] 
2024-03-07 10:23:35,582 [INFO] ApplicationProperties:184 - Using Application install path: /Applications/STM32CubeIDE.app/Contents/Eclipse/plugins/com.st.stm32cube.common.mx_6.10.0.202311202037
2024-03-07 10:23:35,591 [INFO] DbMcusXml:78 - Set database path to: /Applications/STM32CubeIDE.app/Contents/Eclipse/plugins/com.st.stm32cube.common.mx_6.10.0.202311202037//db//mcu/
2024-03-07 10:23:35,591 [INFO] ApiDb:274 - Set plugin database path to: /Applications/STM32CubeIDE.app/Contents/Eclipse/plugins/com.st.stm32cube.common.mx_6.10.0.202311202037//db//plugins/boardmanager/
2024-03-07 10:23:35,592 [WARN] ApiDb:259 - Overriding images path with different value:  => /Applications/STM32CubeIDE.app/Contents/Eclipse/plugins/com.st.stm32cube.common.mx_6.10.0.202311202037//db//plugins/mcufinder/images/
2024-03-07 10:23:35,597 [INFO] ApiDb:250 - Set database path to: /Users/chmnku/.stmcufinder/plugins/mcufinder//mcu/
2024-03-07 10:23:35,597 [INFO] DbMcusAds:125 - Set database path to: /Users/chmnku/.stmcufinder/plugins/mcufinder//mcu/
2024-03-07 10:23:35,598 [INFO] CrossReferenceDbSqlite:203 - Set database path to: /Users/chmnku/.stmcufinder/plugins/mcufinder//mcu/cs/
2024-03-07 10:23:35,691 [INFO] RulesReader:64 - Compatibility file has been processed (297 Rules)
2024-03-07 10:23:35,737 [INFO] DbMcusXml:78 - Set database path to: /Applications/STM32CubeIDE.app/Contents/Eclipse/plugins/com.st.stm32cube.common.mx_6.10.0.202311202037//db//mcu/
2024-03-07 10:23:35,737 [INFO] ApiDb:274 - Set plugin database path to: /Applications/STM32CubeIDE.app/Contents/Eclipse/plugins/com.st.stm32cube.common.mx_6.10.0.202311202037//db//plugins/boardmanager/
2024-03-07 10:23:35,737 [INFO] ApiDb:261 - Set plugin images path to: /Applications/STM32CubeIDE.app/Contents/Eclipse/plugins/com.st.stm32cube.common.mx_6.10.0.202311202037//db//plugins/mcufinder/images/
2024-03-07 10:23:35,737 [WARN] DbFile:41 - Overriding database path with different value: /Users/chmnku/.stmcufinder/plugins/mcufinder/ => /Users/chmnku/.stmcufinder/plugins/mcufinder
2024-03-07 10:23:35,738 [INFO] ApiDb:250 - Set database path to: /Users/chmnku/.stmcufinder/plugins/mcufinder//mcu/
2024-03-07 10:23:35,738 [WARN] DbFile:41 - Overriding database path with different value: /Users/chmnku/.stmcufinder/plugins/mcufinder/ => /Users/chmnku/.stmcufinder/plugins/mcufinder
2024-03-07 10:23:35,738 [INFO] DbMcusAds:125 - Set database path to: /Users/chmnku/.stmcufinder/plugins/mcufinder//mcu/
2024-03-07 10:23:35,738 [WARN] DbFile:41 - Overriding database path with different value: /Users/chmnku/.stmcufinder/plugins/mcufinder/ => /Users/chmnku/.stmcufinder/plugins/mcufinder
2024-03-07 10:23:35,738 [WARN] DbFile:41 - Overriding database path with different value: /Users/chmnku/.stmcufinder/plugins/mcufinder/ => /Users/chmnku/.stmcufinder/plugins/mcufinder
2024-03-07 10:23:35,738 [INFO] CrossReferenceDbSqlite:203 - Set database path to: /Users/chmnku/.stmcufinder/plugins/mcufinder//mcu/cs/
2024-03-07 10:23:35,795 [INFO] MainPanel:264 - HeapMemory: 272629760
2024-03-07 10:23:35,852 [INFO] DbMcusXml:78 - Set database path to: /Applications/STM32CubeIDE.app/Contents/Eclipse/plugins/com.st.stm32cube.common.mx_6.10.0.202311202037//db//mcu/
2024-03-07 10:23:35,852 [INFO] ApiDb:274 - Set plugin database path to: /Applications/STM32CubeIDE.app/Contents/Eclipse/plugins/com.st.stm32cube.common.mx_6.10.0.202311202037//db//plugins/boardmanager/
2024-03-07 10:23:35,852 [INFO] ApiDb:261 - Set plugin images path to: /Applications/STM32CubeIDE.app/Contents/Eclipse/plugins/com.st.stm32cube.common.mx_6.10.0.202311202037//db//plugins/mcufinder/images/
2024-03-07 10:23:35,852 [WARN] DbFile:41 - Overriding database path with different value: /Users/chmnku/.stmcufinder/plugins/mcufinder/ => /Users/chmnku/.stmcufinder/plugins/mcufinder
2024-03-07 10:23:35,852 [INFO] ApiDb:250 - Set database path to: /Users/chmnku/.stmcufinder/plugins/mcufinder//mcu/
2024-03-07 10:23:35,853 [WARN] DbFile:41 - Overriding database path with different value: /Users/chmnku/.stmcufinder/plugins/mcufinder/ => /Users/chmnku/.stmcufinder/plugins/mcufinder
2024-03-07 10:23:35,853 [INFO] DbMcusAds:125 - Set database path to: /Users/chmnku/.stmcufinder/plugins/mcufinder//mcu/
2024-03-07 10:23:35,853 [WARN] DbFile:41 - Overriding database path with different value: /Users/chmnku/.stmcufinder/plugins/mcufinder/ => /Users/chmnku/.stmcufinder/plugins/mcufinder
2024-03-07 10:23:35,853 [WARN] DbFile:41 - Overriding database path with different value: /Users/chmnku/.stmcufinder/plugins/mcufinder/ => /Users/chmnku/.stmcufinder/plugins/mcufinder
2024-03-07 10:23:35,853 [INFO] CrossReferenceDbSqlite:203 - Set database path to: /Users/chmnku/.stmcufinder/plugins/mcufinder//mcu/cs/
2024-03-07 10:23:35,866 [INFO] ApplicationProperties:184 - Using Application install path: /Applications/STM32CubeIDE.app/Contents/Eclipse/plugins/com.st.stm32cube.common.mx_6.10.0.202311202037
2024-03-07 10:23:35,867 [INFO] PluginManage:196 - Search for loadable plugins [exclusion list=, ]
2024-03-07 10:23:35,868 [INFO] PluginManage:310 - Check plugin analytics
2024-03-07 10:23:36,135 [INFO] AnalyticsPlugin:253 - Accepted Software Licenses: STM32CubeMX.6.10.0
2024-03-07 10:23:36,137 [INFO] AnalyticsPlugin:255 - Accepted CMSIS Pack Licenses: 
2024-03-07 10:23:36,137 [INFO] AnalyticsPlugin:257 - Accepted Firmware Licenses: FW.F4.1.28.0
2024-03-07 10:23:36,145 [INFO] PluginManage:359 - Loaded plugin analytics (category:tool,tabindex:-1)
2024-03-07 10:23:36,147 [INFO] PluginManage:310 - Check plugin cadmodel
2024-03-07 10:23:36,560 [INFO] CADModel:105 - Init CAD model plugin
2024-03-07 10:23:36,560 [INFO] PluginManage:359 - Loaded plugin cadmodel (category:power,tabindex:5)
2024-03-07 10:23:36,561 [INFO] PluginManage:310 - Check plugin clock
2024-03-07 10:23:36,569 [INFO] PluginManage:359 - Loaded plugin clock (category:base,tabindex:2)
2024-03-07 10:23:36,569 [INFO] PluginManage:310 - Check plugin ddr
2024-03-07 10:23:36,570 [INFO] PluginManage:359 - Loaded plugin ddr (category:tool,tabindex:6)
2024-03-07 10:23:36,570 [INFO] PluginManage:310 - Check plugin filemanager
2024-03-07 10:23:36,680 [INFO] PluginManage:359 - Loaded plugin filemanager (category:base,tabindex:10)
2024-03-07 10:23:36,681 [INFO] PluginManage:310 - Check plugin ipmanager
2024-03-07 10:23:36,685 [INFO] PluginManage:359 - Loaded plugin ipmanager (category:base,tabindex:5)
2024-03-07 10:23:36,685 [INFO] PluginManage:310 - Check plugin lpbam
2024-03-07 10:23:36,693 [INFO] PluginManage:359 - Loaded plugin lpbam (category:base,tabindex:0)
2024-03-07 10:23:36,693 [INFO] PluginManage:310 - Check plugin memorymap
2024-03-07 10:23:36,699 [INFO] PluginManage:359 - Loaded plugin memorymap (category:base,tabindex:4)
2024-03-07 10:23:36,700 [INFO] PluginManage:310 - Check plugin pinoutandconfiguration
2024-03-07 10:23:36,703 [INFO] PluginManage:359 - Loaded plugin pinoutandconfiguration (category:base,tabindex:1)
2024-03-07 10:23:36,703 [INFO] PluginManage:310 - Check plugin pinoutconfig
2024-03-07 10:23:36,782 [WARN] SupportedApi:132 - Cannot load RTOS API schema: s4s-elt-must-match.1: The content of 'definitions' must match (annotation?, (simpleType | complexType)?, (unique | key | keyref)*)). A problem was found starting at: attribute.
2024-03-07 10:23:36,887 [INFO] PluginManage:359 - Loaded plugin pinoutconfig (category:base,tabindex:0)
2024-03-07 10:23:36,887 [INFO] PluginManage:310 - Check plugin power
2024-03-07 10:23:36,899 [INFO] PluginManage:359 - Loaded plugin power (category:power,tabindex:4)
2024-03-07 10:23:36,899 [INFO] PluginManage:310 - Check plugin projectmanager
2024-03-07 10:23:36,929 [INFO] PluginManage:359 - Loaded plugin projectmanager (category:projectmanager,tabindex:3)
2024-03-07 10:23:36,929 [INFO] PluginManage:310 - Check plugin thirdparty
2024-03-07 10:23:37,048 [INFO] PluginManage:359 - Loaded plugin thirdparty (category:base,tabindex:-1)
2024-03-07 10:23:37,048 [INFO] PluginManage:310 - Check plugin tools
2024-03-07 10:23:37,047 [WARN] IntegrityCheckThread:84 - waiting for thirdparty lock release [integrity check]
2024-03-07 10:23:37,048 [INFO] IntegrityCheckThread:86 - entering critical section [integrity check]
2024-03-07 10:23:37,051 [INFO] ThirdPartyUpdaterWithRetryManager:70 - Updater plugin not ready yet. [1/15]
2024-03-07 10:23:37,052 [INFO] PluginManage:359 - Loaded plugin tools (category:base,tabindex:7)
2024-03-07 10:23:37,052 [INFO] PluginManage:310 - Check plugin tutovideos
2024-03-07 10:23:37,203 [INFO] PluginManage:359 - Loaded plugin tutovideos (category:base,tabindex:-1)
2024-03-07 10:23:37,205 [INFO] PluginManage:310 - Check plugin updater
2024-03-07 10:23:37,225 [INFO] PluginManage:359 - Loaded plugin updater (category:base,tabindex:12)
2024-03-07 10:23:37,227 [INFO] PluginManage:310 - Check plugin userauth
2024-03-07 10:23:37,233 [INFO] UserAuth:114 - Init User Auth plugin
2024-03-07 10:23:37,233 [INFO] PluginManage:359 - Loaded plugin userauth (category:base,tabindex:14)
2024-03-07 10:23:37,234 [INFO] PluginManage:283 - PluginManage : Loaded plugins [17]
2024-03-07 10:23:37,523 [INFO] PinOutPanel:1499 - setPackage(No Configuration,No Configuration)
2024-03-07 10:23:37,573 [INFO] CADModel:165 - CPN selected for project level
2024-03-07 10:23:37,573 [INFO] CADModel:114 - Register for checkConnection events
2024-03-07 10:23:37,582 [INFO] IPUIPlugin:80 - create IPUIPlugin
2024-03-07 10:23:37,582 [INFO] PluginManager:220 - loadIPPluginJar : add mdma
2024-03-07 10:23:37,586 [INFO] IPUIPlugin:80 - create IPUIPlugin
2024-03-07 10:23:37,587 [INFO] PluginManager:220 - loadIPPluginJar : add freertos
2024-03-07 10:23:37,589 [INFO] IPUIPlugin:80 - create IPUIPlugin
2024-03-07 10:23:37,589 [INFO] PluginManager:220 - loadIPPluginJar : add gic
2024-03-07 10:23:37,592 [INFO] IPUIPlugin:80 - create IPUIPlugin
2024-03-07 10:23:37,592 [INFO] PluginManager:220 - loadIPPluginJar : add adc
2024-03-07 10:23:37,594 [INFO] IPUIPlugin:80 - create IPUIPlugin
2024-03-07 10:23:37,594 [INFO] PluginManager:220 - loadIPPluginJar : add gtzc
2024-03-07 10:23:37,595 [INFO] IPUIPlugin:80 - create IPUIPlugin
2024-03-07 10:23:37,595 [INFO] PluginManager:220 - loadIPPluginJar : add quadspi
2024-03-07 10:23:37,596 [INFO] IPUIPlugin:80 - create IPUIPlugin
2024-03-07 10:23:37,596 [INFO] PluginManager:220 - loadIPPluginJar : add aes
2024-03-07 10:23:37,597 [INFO] IPUIPlugin:80 - create IPUIPlugin
2024-03-07 10:23:37,597 [INFO] PluginManager:220 - loadIPPluginJar : add pdm2pcm
2024-03-07 10:23:37,598 [INFO] IPUIPlugin:80 - create IPUIPlugin
2024-03-07 10:23:37,598 [INFO] PluginManager:220 - loadIPPluginJar : add hash
2024-03-07 10:23:37,599 [INFO] IPUIPlugin:80 - create IPUIPlugin
2024-03-07 10:23:37,599 [INFO] PluginManager:220 - loadIPPluginJar : add tim
2024-03-07 10:23:37,599 [INFO] IPUIPlugin:80 - create IPUIPlugin
2024-03-07 10:23:37,599 [INFO] PluginManager:220 - loadIPPluginJar : add tsc
2024-03-07 10:23:37,600 [INFO] IPUIPlugin:80 - create IPUIPlugin
2024-03-07 10:23:37,600 [INFO] PluginManager:220 - loadIPPluginJar : add ts
2024-03-07 10:23:37,603 [INFO] IPUIPlugin:80 - create IPUIPlugin
2024-03-07 10:23:37,604 [INFO] PluginManager:220 - loadIPPluginJar : add can
2024-03-07 10:23:37,606 [INFO] IPUIPlugin:80 - create IPUIPlugin
2024-03-07 10:23:37,606 [INFO] PluginManager:220 - loadIPPluginJar : add dma3
2024-03-07 10:23:37,607 [INFO] IPUIPlugin:80 - create IPUIPlugin
2024-03-07 10:23:37,607 [INFO] PluginManager:220 - loadIPPluginJar : add dfsdm
2024-03-07 10:23:37,608 [INFO] IPUIPlugin:80 - create IPUIPlugin
2024-03-07 10:23:37,608 [INFO] PluginManager:220 - loadIPPluginJar : add spi
2024-03-07 10:23:37,608 [INFO] IPUIPlugin:80 - create IPUIPlugin
2024-03-07 10:23:37,608 [INFO] PluginManager:220 - loadIPPluginJar : add gfxmmu
2024-03-07 10:23:37,609 [INFO] IPUIPlugin:80 - create IPUIPlugin
2024-03-07 10:23:37,609 [INFO] PluginManager:220 - loadIPPluginJar : add genericplugin
2024-03-07 10:23:37,610 [INFO] IPUIPlugin:80 - create IPUIPlugin
2024-03-07 10:23:37,610 [INFO] PluginManager:220 - loadIPPluginJar : add cryp
2024-03-07 10:23:37,611 [INFO] IPUIPlugin:80 - create IPUIPlugin
2024-03-07 10:23:37,611 [INFO] PluginManager:220 - loadIPPluginJar : add gpio
2024-03-07 10:23:37,612 [INFO] IPUIPlugin:80 - create IPUIPlugin
2024-03-07 10:23:37,613 [INFO] PluginManager:220 - loadIPPluginJar : add comp
2024-03-07 10:23:37,613 [INFO] IPUIPlugin:80 - create IPUIPlugin
2024-03-07 10:23:37,614 [INFO] PluginManager:220 - loadIPPluginJar : add tracer_emb
2024-03-07 10:23:37,615 [INFO] IPUIPlugin:80 - create IPUIPlugin
2024-03-07 10:23:37,615 [INFO] PluginManager:220 - loadIPPluginJar : add openamp
2024-03-07 10:23:37,618 [INFO] IPUIPlugin:80 - create IPUIPlugin
2024-03-07 10:23:37,618 [INFO] PluginManager:220 - loadIPPluginJar : add stm32_wpan
2024-03-07 10:23:37,620 [INFO] IPUIPlugin:80 - create IPUIPlugin
2024-03-07 10:23:37,625 [INFO] PluginManager:220 - loadIPPluginJar : add plateformsettings
2024-03-07 10:23:37,627 [INFO] IPUIPlugin:80 - create IPUIPlugin
2024-03-07 10:23:37,627 [INFO] PluginManager:220 - loadIPPluginJar : add ipddr
2024-03-07 10:23:37,629 [INFO] IPUIPlugin:80 - create IPUIPlugin
2024-03-07 10:23:37,630 [INFO] PluginManager:220 - loadIPPluginJar : add usart
2024-03-07 10:23:37,630 [INFO] IPUIPlugin:80 - create IPUIPlugin
2024-03-07 10:23:37,630 [INFO] PluginManager:220 - loadIPPluginJar : add ltdc
2024-03-07 10:23:37,633 [INFO] IPUIPlugin:80 - create IPUIPlugin
2024-03-07 10:23:37,634 [INFO] PluginManager:220 - loadIPPluginJar : add nvic
2024-03-07 10:23:37,634 [INFO] IPUIPlugin:80 - create IPUIPlugin
2024-03-07 10:23:37,634 [INFO] PluginManager:220 - loadIPPluginJar : add fatfs
2024-03-07 10:23:37,637 [INFO] IPUIPlugin:80 - create IPUIPlugin
2024-03-07 10:23:37,638 [INFO] PluginManager:220 - loadIPPluginJar : add linkedlist
2024-03-07 10:23:37,640 [INFO] IPUIPlugin:80 - create IPUIPlugin
2024-03-07 10:23:37,640 [INFO] PluginManager:220 - loadIPPluginJar : add dma
2024-03-07 10:23:37,641 [INFO] IPUIPlugin:80 - create IPUIPlugin
2024-03-07 10:23:37,641 [INFO] PluginManager:220 - loadIPPluginJar : add fmc
2024-03-07 10:23:37,642 [INFO] IPUIPlugin:80 - create IPUIPlugin
2024-03-07 10:23:37,642 [INFO] PluginManager:220 - loadIPPluginJar : add i2s
2024-03-07 10:23:37,643 [INFO] IPUIPlugin:80 - create IPUIPlugin
2024-03-07 10:23:37,643 [INFO] PluginManager:220 - loadIPPluginJar : add ucpd
2024-03-07 10:23:37,644 [INFO] IPUIPlugin:80 - create IPUIPlugin
2024-03-07 10:23:37,644 [INFO] PluginManager:220 - loadIPPluginJar : add lorawan
2024-03-07 10:23:37,645 [INFO] IPUIPlugin:80 - create IPUIPlugin
2024-03-07 10:23:37,645 [INFO] PluginManager:220 - loadIPPluginJar : add opamp
2024-03-07 10:23:37,646 [INFO] IPUIPlugin:80 - create IPUIPlugin
2024-03-07 10:23:37,646 [INFO] PluginManager:220 - loadIPPluginJar : add i3c
2024-03-07 10:23:37,647 [INFO] IPUIPlugin:80 - create IPUIPlugin
2024-03-07 10:23:37,647 [INFO] PluginManager:220 - loadIPPluginJar : add touchsensing
2024-03-07 10:23:37,648 [INFO] IPUIPlugin:80 - create IPUIPlugin
2024-03-07 10:23:37,648 [INFO] PluginManager:220 - loadIPPluginJar : add i2c
2024-03-07 10:23:37,649 [INFO] IPUIPlugin:80 - create IPUIPlugin
2024-03-07 10:23:37,649 [INFO] PluginManager:220 - loadIPPluginJar : add resmgrutility
2024-03-07 10:23:37,651 [INFO] IPUIPlugin:80 - create IPUIPlugin
2024-03-07 10:23:37,651 [INFO] PluginManager:220 - loadIPPluginJar : add sai
2024-03-07 10:23:37,652 [INFO] IPUIPlugin:80 - create IPUIPlugin
2024-03-07 10:23:37,652 [INFO] PluginManager:220 - loadIPPluginJar : add usbx
2024-03-07 10:23:37,754 [INFO] CADModel:165 - CPN selected for project level
2024-03-07 10:23:37,754 [INFO] CADModel:114 - Register for checkConnection events
2024-03-07 10:23:37,755 [FATAL] Updater:308 - Updater called before beeing initialized
2024-03-07 10:23:37,755 [ERROR] CADModel:125 - Updater not yet initialized, retry later 
2024-03-07 10:23:37,973 [INFO] CADModel:165 - CPN selected for project level
2024-03-07 10:23:37,976 [INFO] CADModel:114 - Register for checkConnection events
2024-03-07 10:23:37,976 [FATAL] Updater:308 - Updater called before beeing initialized
2024-03-07 10:23:37,976 [ERROR] CADModel:125 - Updater not yet initialized, retry later 
2024-03-07 10:23:37,978 [FATAL] Updater:308 - Updater called before beeing initialized
2024-03-07 10:23:38,093 [FATAL] Updater:308 - Updater called before beeing initialized
2024-03-07 10:23:38,098 [INFO] DbMcusAds:53 - JSON generation date=Wed Nov 29 19:52:27 KST 2023 (1701255147349)
2024-03-07 10:23:38,099 [FATAL] Updater:308 - Updater called before beeing initialized
2024-03-07 10:23:38,141 [WARN] DetailPanel:346 - Failed to get advertising image, set to default
2024-03-07 10:23:38,197 [FATAL] Updater:308 - Updater called before beeing initialized
2024-03-07 10:23:38,200 [FATAL] Updater:308 - Updater called before beeing initialized
2024-03-07 10:23:38,200 [FATAL] Updater:308 - Updater called before beeing initialized
2024-03-07 10:23:38,201 [WARN] DetailPanel:346 - Failed to get advertising image, set to default
2024-03-07 10:23:38,202 [FATAL] Updater:308 - Updater called before beeing initialized
2024-03-07 10:23:38,329 [ERROR] Updater:1120 - MainUpdater not yet initialized. External WinMGr cannot be set.
2024-03-07 10:23:38,367 [INFO] Updater:1056 - Updater Version found : 6.10.0
2024-03-07 10:23:38,377 [INFO] ApplicationProperties:184 - Using Application install path: /Applications/STM32CubeIDE.app/Contents/Eclipse/plugins/com.st.stm32cube.common.mx_6.10.0.202311202037
2024-03-07 10:23:39,753 [INFO] MainUpdater:2873 - connection check result : 10
2024-03-07 10:23:39,755 [INFO] MainUpdater:290 - Updater Check For Update Now.
2024-03-07 10:23:39,755 [INFO] MicroXplorer:498 - Change Database Version : DB.6.0.100
2024-03-07 10:23:39,765 [INFO] McuFinderGlobals:63 - Set McuFinder mode to 2 (CubeIDE integrated)
2024-03-07 10:23:39,765 [INFO] UserAuth:180 - activating auth plugin
2024-03-07 10:23:39,776 [INFO] UserAuth:404 - Internet connection configuration mode: 1
2024-03-07 10:23:39,791 [INFO] JxBrowserEngine:152 - Initiate JxBrowser Engine with user profile folder
2024-03-07 10:23:39,990 [INFO] CheckServerUpdateThread:120 - End of CheckServer Thread
2024-03-07 10:23:40,152 [WARN] PackLoader:240 - Cannot read IP mode file for STMicroelectronics.X-CUBE-SMBUS.2.1.0
2024-03-07 10:23:40,167 [WARN] PackLoader:240 - Cannot read IP mode file for STMicroelectronics.X-CUBE-TOUCHGFX.4.23.0
2024-03-07 10:23:40,212 [WARN] PackLoader:240 - Cannot read IP mode file for STMicroelectronics.X-CUBE-AZRTOS-F7.1.1.0
2024-03-07 10:23:40,245 [WARN] PackLoader:240 - Cannot read IP mode file for STMicroelectronics.FP-SNS-MOTENV1.4.3.2
2024-03-07 10:23:40,276 [WARN] PackLoader:240 - Cannot read IP mode file for STMicroelectronics.FP-SNS-FLIGHT1.5.0.2
2024-03-07 10:23:40,308 [WARN] PackLoader:240 - Cannot read IP mode file for STMicroelectronics.X-CUBE-DISPLAY.3.0.0
2024-03-07 10:23:40,349 [WARN] PackLoader:240 - Cannot read IP mode file for STMicroelectronics.X-CUBE-BLE1.7.0.0
2024-03-07 10:23:40,371 [WARN] PackLoader:240 - Cannot read IP mode file for emotas.I-CUBE-CANOPEN.1.3.0
2024-03-07 10:23:40,399 [WARN] PackLoader:240 - Cannot read IP mode file for STMicroelectronics.X-CUBE-BLEMGR.3.1.0
2024-03-07 10:23:40,411 [WARN] PackLoader:240 - Cannot read IP mode file for STMicroelectronics.FP-SNS-SMARTAG2.1.2.0
2024-03-07 10:23:40,424 [INFO] LogOutputStream:77 - [STDOUT_REDIRECT] 1 : Invalid condition id : UX_CORESTACK_Condition cause : null
2024-03-07 10:23:40,425 [INFO] LogOutputStream:77 - [STDOUT_REDIRECT] 1 : Invalid condition id : UX_CORESTACK_Condition cause : null
2024-03-07 10:23:40,426 [INFO] LogOutputStream:77 - [STDOUT_REDIRECT] 1 : Invalid condition id : UX_CORESTACK_Condition cause : null
2024-03-07 10:23:40,427 [INFO] LogOutputStream:77 - [STDOUT_REDIRECT] 1 : Invalid condition id : UX_CORESTACK_Condition cause : null
2024-03-07 10:23:40,427 [INFO] LogOutputStream:77 - [STDOUT_REDIRECT] 1 : Invalid condition id : UX_CORESTACK_Condition cause : null
2024-03-07 10:23:40,432 [WARN] PackLoader:240 - Cannot read IP mode file for STMicroelectronics.X-CUBE-AZRTOS-WL.2.0.0
2024-03-07 10:23:40,443 [WARN] PackLoader:240 - Cannot read IP mode file for WES.I-CUBE-Cesium.1.3.0
2024-03-07 10:23:40,457 [WARN] PackLoader:240 - Cannot read IP mode file for STMicroelectronics.X-CUBE-BLE2.3.3.0
2024-03-07 10:23:40,477 [WARN] PackLoader:240 - Cannot read IP mode file for STMicroelectronics.X-CUBE-ALGOBUILD.1.3.0
2024-03-07 10:23:40,523 [WARN] PackLoader:240 - Cannot read IP mode file for STMicroelectronics.X-CUBE-AZRTOS-G0.1.1.0
2024-03-07 10:23:40,560 [WARN] PackLoader:240 - Cannot read IP mode file for STMicroelectronics.X-CUBE-NFC4.3.0.0
2024-03-07 10:23:40,606 [WARN] PackLoader:240 - Cannot read IP mode file for STMicroelectronics.X-CUBE-BLEMGR.3.0.0
2024-03-07 10:23:40,636 [WARN] PackLoader:240 - Cannot read IP mode file for STMicroelectronics.FP-ATR-SIGFOX1.3.2.0
2024-03-07 10:23:40,648 [WARN] PackLoader:240 - Cannot read IP mode file for STMicroelectronics.X-CUBE-EEPRMA1.5.1.0
2024-03-07 10:23:40,714 [WARN] PackLoader:240 - Cannot read IP mode file for SEGGER.I-CUBE-embOS.1.3.1
2024-03-07 10:23:40,774 [WARN] PackLoader:240 - Cannot read IP mode file for STMicroelectronics.X-CUBE-GNSS1.6.0.0
2024-03-07 10:23:40,799 [WARN] PackLoader:240 - Cannot read IP mode file for STMicroelectronics.X-CUBE-AZRTOS-F4.1.1.0
2024-03-07 10:23:40,816 [WARN] PackLoader:240 - Cannot read IP mode file for wolfSSL.I-CUBE-wolfSSL.5.6.6
2024-03-07 10:23:40,838 [WARN] PackLoader:240 - Cannot read IP mode file for STMicroelectronics.X-CUBE-AZRTOS-L5.2.0.0
2024-03-07 10:23:40,848 [WARN] PackLoader:240 - Cannot read IP mode file for ITTIA_DB.I-CUBE-ITTIADB.8.8.0
2024-03-07 10:23:40,854 [WARN] PackLoader:240 - Cannot read IP mode file for STMicroelectronics.X-CUBE-NFC7.1.0.1
2024-03-07 10:23:40,868 [WARN] PackLoader:240 - Cannot read IP mode file for STMicroelectronics.X-CUBE-NFC6.3.0.0
2024-03-07 10:23:40,876 [WARN] PackLoader:240 - Cannot read IP mode file for STMicroelectronics.X-CUBE-AI.8.1.0
2024-03-07 10:23:40,908 [WARN] ConditionMgr:438 - getConditionDescription Invalid condition id : LAN8742 Phy interface Condition cause : null
2024-03-07 10:23:40,911 [WARN] PackLoader:240 - Cannot read IP mode file for STMicroelectronics.X-CUBE-AZRTOS-L4.2.0.0
2024-03-07 10:23:40,919 [WARN] ConditionMgr:1039 - genDependencies : Invalid condition id : LAN8742 Phy interface Condition cause : null
2024-03-07 10:23:40,927 [WARN] ConditionMgr:1039 - genDependencies : Invalid condition id : LAN8742 Phy interface Condition cause : null
2024-03-07 10:23:40,928 [WARN] ConditionMgr:1039 - genDependencies : Invalid condition id : LAN8742 Phy interface Condition cause : null
2024-03-07 10:23:40,960 [WARN] PackLoader:240 - Cannot read IP mode file for STMicroelectronics.X-CUBE-SFXS2LP1.4.0.0
2024-03-07 10:23:40,986 [WARN] ConditionMgr:438 - getConditionDescription Invalid condition id : UX DEVICE CLASS RTOS Condition cause : null
2024-03-07 10:23:40,987 [WARN] ConditionMgr:438 - getConditionDescription Invalid condition id : UX DEVICE CLASS RTOS Condition cause : null
2024-03-07 10:23:40,990 [WARN] PackLoader:240 - Cannot read IP mode file for STMicroelectronics.X-CUBE-AZRTOS-WB.2.0.0
2024-03-07 10:23:40,992 [WARN] ConditionMgr:1039 - genDependencies : Invalid condition id : UX DEVICE CLASS RTOS Condition cause : null
2024-03-07 10:23:40,993 [WARN] ConditionMgr:1039 - genDependencies : Invalid condition id : UX DEVICE CLASS RTOS Condition cause : null
2024-03-07 10:23:40,994 [WARN] ConditionMgr:1039 - genDependencies : Invalid condition id : UX DEVICE CLASS RTOS Condition cause : null
2024-03-07 10:23:40,994 [WARN] ConditionMgr:1039 - genDependencies : Invalid condition id : UX DEVICE CLASS RTOS Condition cause : null
2024-03-07 10:23:40,994 [WARN] ConditionMgr:1039 - genDependencies : Invalid condition id : UX DEVICE CLASS RTOS Condition cause : null
2024-03-07 10:23:41,019 [WARN] PackLoader:240 - Cannot read IP mode file for STMicroelectronics.X-CUBE-SUBG2.5.0.0
2024-03-07 10:23:41,062 [WARN] PackLoader:240 - Cannot read IP mode file for STMicroelectronics.X-CUBE-AZRTOS-G4.2.0.0
2024-03-07 10:23:41,091 [WARN] PackLoader:240 - Cannot read IP mode file for Infineon.AIROC-Wi-Fi-Bluetooth-STM32.1.5.1
2024-03-07 10:23:41,103 [WARN] PackLoader:240 - Cannot read IP mode file for STMicroelectronics.FP-SNS-MOTENVWB1.1.3.1
2024-03-07 10:23:41,108 [WARN] PackLoader:240 - Cannot read IP mode file for STMicroelectronics.X-CUBE-ISPU.2.0.0
2024-03-07 10:23:41,158 [WARN] PackLoader:240 - Cannot read IP mode file for STMicroelectronics.X-CUBE-MEMS1.10.0.0
2024-03-07 10:23:41,259 [WARN] PackLoader:240 - Cannot read IP mode file for STMicroelectronics.X-CUBE-FREERTOS.1.1.0
2024-03-07 10:23:41,281 [WARN] PackLoader:240 - Cannot read IP mode file for portGmbH.I-Cube-SoM-uGOAL.1.1.0
2024-03-07 10:23:41,285 [WARN] PackLoader:240 - Cannot read IP mode file for STMicroelectronics.X-CUBE-ALS.1.0.1
2024-03-07 10:23:41,289 [WARN] PackLoader:240 - Cannot read IP mode file for STMicroelectronics.FP-ATR-ASTRA1.2.0.0
2024-03-07 10:23:41,301 [WARN] PackLoader:240 - Cannot read IP mode file for STMicroelectronics.X-CUBE-TOF1.3.4.0
2024-03-07 10:23:41,339 [WARN] PackLoader:240 - Cannot read IP mode file for STMicroelectronics.X-CUBE-AZRTOS-H7.3.2.0
2024-03-07 10:23:41,347 [INFO] ThirdParty:978 - Integrity check success = true
2024-03-07 10:23:41,347 [INFO] IntegrityCheckThread:100 - exiting critical section [integrity check]
2024-03-07 10:23:41,347 [INFO] IntegrityCheckThread:103 - End integrity checks thread
2024-03-07 10:23:46,209 [INFO] WebApp:161 - Instantiating new browser for Auth
2024-03-07 10:23:47,095 [INFO] WebApp:780 - Register for checkConnection events
2024-03-07 10:23:47,096 [INFO] WebApp:414 - Apply proxy settings
2024-03-07 10:23:47,102 [INFO] WebApp:459 - Chromium authenticates against Manually configured proxy
2024-03-07 10:23:47,115 [INFO] WebApp:467 - Username used for proxy authentication: 
2024-03-07 10:23:47,220 [INFO] WebApp:192 - Starting web application
2024-03-07 10:23:47,221 [INFO] WebApp:544 - Web application path used /Applications/STM32CubeIDE.app/Contents/Eclipse/plugins/com.st.stm32cube.common.mx_6.10.0.202311202037/db/plugins/mcufinder/reactClient1/index.html
2024-03-07 10:24:08,160 [ERROR] LogOutputStream:75 - [STDERR_REDIRECT] SLF4J: Failed to load class "org.slf4j.impl.StaticLoggerBinder".
2024-03-07 10:24:08,162 [ERROR] LogOutputStream:75 - [STDERR_REDIRECT] SLF4J: Defaulting to no-operation (NOP) logger implementation
2024-03-07 10:24:08,162 [ERROR] LogOutputStream:75 - [STDERR_REDIRECT] SLF4J: See http://www.slf4j.org/codes.html#StaticLoggerBinder for further details.
