2024-03-06 01:10:43,573 [ERROR] LogOutputStream:75 - [STDERR_REDIRECT] 
2024-03-06 01:21:28,746 [INFO] Activator:176 - 


2024-03-06 01:21:28,748 [INFO] Activator:177 - !SESSION log4j initialized
2024-03-06 01:21:31,914 [ERROR] LogOutputStream:75 - [STDERR_REDIRECT] 
2024-03-06 01:21:32,407 [INFO] LogOutputStream:77 - [STDOUT_REDIRECT] 
2024-03-06 01:21:33,770 [INFO] LogOutputStream:77 - [STDOUT_REDIRECT] 
2024-03-06 01:21:34,504 [INFO] ApplicationProperties:184 - Using Application install path: /Applications/STM32CubeIDE.app/Contents/Eclipse/plugins/com.st.stm32cube.common.mx_6.10.0.202311202037
2024-03-06 01:21:34,514 [INFO] DbMcusXml:78 - Set database path to: /Applications/STM32CubeIDE.app/Contents/Eclipse/plugins/com.st.stm32cube.common.mx_6.10.0.202311202037//db//mcu/
2024-03-06 01:21:34,514 [INFO] ApiDb:274 - Set plugin database path to: /Applications/STM32CubeIDE.app/Contents/Eclipse/plugins/com.st.stm32cube.common.mx_6.10.0.202311202037//db//plugins/boardmanager/
2024-03-06 01:21:34,515 [WARN] ApiDb:259 - Overriding images path with different value:  => /Applications/STM32CubeIDE.app/Contents/Eclipse/plugins/com.st.stm32cube.common.mx_6.10.0.202311202037//db//plugins/mcufinder/images/
2024-03-06 01:21:34,519 [INFO] ApiDb:250 - Set database path to: /Users/chmnku/.stmcufinder/plugins/mcufinder//mcu/
2024-03-06 01:21:34,520 [INFO] DbMcusAds:125 - Set database path to: /Users/chmnku/.stmcufinder/plugins/mcufinder//mcu/
2024-03-06 01:21:34,521 [INFO] CrossReferenceDbSqlite:203 - Set database path to: /Users/chmnku/.stmcufinder/plugins/mcufinder//mcu/cs/
2024-03-06 01:21:34,622 [INFO] RulesReader:64 - Compatibility file has been processed (297 Rules)
2024-03-06 01:21:34,670 [INFO] DbMcusXml:78 - Set database path to: /Applications/STM32CubeIDE.app/Contents/Eclipse/plugins/com.st.stm32cube.common.mx_6.10.0.202311202037//db//mcu/
2024-03-06 01:21:34,670 [INFO] ApiDb:274 - Set plugin database path to: /Applications/STM32CubeIDE.app/Contents/Eclipse/plugins/com.st.stm32cube.common.mx_6.10.0.202311202037//db//plugins/boardmanager/
2024-03-06 01:21:34,670 [INFO] ApiDb:261 - Set plugin images path to: /Applications/STM32CubeIDE.app/Contents/Eclipse/plugins/com.st.stm32cube.common.mx_6.10.0.202311202037//db//plugins/mcufinder/images/
2024-03-06 01:21:34,670 [WARN] DbFile:41 - Overriding database path with different value: /Users/chmnku/.stmcufinder/plugins/mcufinder/ => /Users/chmnku/.stmcufinder/plugins/mcufinder
2024-03-06 01:21:34,670 [INFO] ApiDb:250 - Set database path to: /Users/chmnku/.stmcufinder/plugins/mcufinder//mcu/
2024-03-06 01:21:34,670 [WARN] DbFile:41 - Overriding database path with different value: /Users/chmnku/.stmcufinder/plugins/mcufinder/ => /Users/chmnku/.stmcufinder/plugins/mcufinder
2024-03-06 01:21:34,671 [INFO] DbMcusAds:125 - Set database path to: /Users/chmnku/.stmcufinder/plugins/mcufinder//mcu/
2024-03-06 01:21:34,671 [WARN] DbFile:41 - Overriding database path with different value: /Users/chmnku/.stmcufinder/plugins/mcufinder/ => /Users/chmnku/.stmcufinder/plugins/mcufinder
2024-03-06 01:21:34,671 [WARN] DbFile:41 - Overriding database path with different value: /Users/chmnku/.stmcufinder/plugins/mcufinder/ => /Users/chmnku/.stmcufinder/plugins/mcufinder
2024-03-06 01:21:34,671 [INFO] CrossReferenceDbSqlite:203 - Set database path to: /Users/chmnku/.stmcufinder/plugins/mcufinder//mcu/cs/
2024-03-06 01:21:34,733 [INFO] MainPanel:264 - HeapMemory: 268435456
2024-03-06 01:21:34,796 [INFO] DbMcusXml:78 - Set database path to: /Applications/STM32CubeIDE.app/Contents/Eclipse/plugins/com.st.stm32cube.common.mx_6.10.0.202311202037//db//mcu/
2024-03-06 01:21:34,796 [INFO] ApiDb:274 - Set plugin database path to: /Applications/STM32CubeIDE.app/Contents/Eclipse/plugins/com.st.stm32cube.common.mx_6.10.0.202311202037//db//plugins/boardmanager/
2024-03-06 01:21:34,796 [INFO] ApiDb:261 - Set plugin images path to: /Applications/STM32CubeIDE.app/Contents/Eclipse/plugins/com.st.stm32cube.common.mx_6.10.0.202311202037//db//plugins/mcufinder/images/
2024-03-06 01:21:34,796 [WARN] DbFile:41 - Overriding database path with different value: /Users/chmnku/.stmcufinder/plugins/mcufinder/ => /Users/chmnku/.stmcufinder/plugins/mcufinder
2024-03-06 01:21:34,796 [INFO] ApiDb:250 - Set database path to: /Users/chmnku/.stmcufinder/plugins/mcufinder//mcu/
2024-03-06 01:21:34,796 [WARN] DbFile:41 - Overriding database path with different value: /Users/chmnku/.stmcufinder/plugins/mcufinder/ => /Users/chmnku/.stmcufinder/plugins/mcufinder
2024-03-06 01:21:34,797 [INFO] DbMcusAds:125 - Set database path to: /Users/chmnku/.stmcufinder/plugins/mcufinder//mcu/
2024-03-06 01:21:34,797 [WARN] DbFile:41 - Overriding database path with different value: /Users/chmnku/.stmcufinder/plugins/mcufinder/ => /Users/chmnku/.stmcufinder/plugins/mcufinder
2024-03-06 01:21:34,797 [WARN] DbFile:41 - Overriding database path with different value: /Users/chmnku/.stmcufinder/plugins/mcufinder/ => /Users/chmnku/.stmcufinder/plugins/mcufinder
2024-03-06 01:21:34,797 [INFO] CrossReferenceDbSqlite:203 - Set database path to: /Users/chmnku/.stmcufinder/plugins/mcufinder//mcu/cs/
2024-03-06 01:21:34,812 [INFO] ApplicationProperties:184 - Using Application install path: /Applications/STM32CubeIDE.app/Contents/Eclipse/plugins/com.st.stm32cube.common.mx_6.10.0.202311202037
2024-03-06 01:21:34,812 [INFO] PluginManage:196 - Search for loadable plugins [exclusion list=, ]
2024-03-06 01:21:34,813 [INFO] PluginManage:310 - Check plugin analytics
2024-03-06 01:21:35,000 [INFO] AnalyticsPlugin:253 - Accepted Software Licenses: STM32CubeMX.6.10.0
2024-03-06 01:21:35,001 [INFO] AnalyticsPlugin:255 - Accepted CMSIS Pack Licenses: 
2024-03-06 01:21:35,001 [INFO] AnalyticsPlugin:257 - Accepted Firmware Licenses: FW.F4.1.28.0
2024-03-06 01:21:35,025 [INFO] PluginManage:359 - Loaded plugin analytics (category:tool,tabindex:-1)
2024-03-06 01:21:35,025 [INFO] PluginManage:310 - Check plugin cadmodel
2024-03-06 01:21:35,239 [ERROR] LogOutputStream:75 - [STDERR_REDIRECT] [Fatal Error] :2:10: DOCTYPE is disallowed when the feature "http://apache.org/xml/features/disallow-doctype-decl" set to true.
2024-03-06 01:21:35,240 [ERROR] LogOutputStream:75 - [STDERR_REDIRECT] 
2024-03-06 01:21:35,438 [INFO] CADModel:105 - Init CAD model plugin
2024-03-06 01:21:35,438 [INFO] PluginManage:359 - Loaded plugin cadmodel (category:power,tabindex:5)
2024-03-06 01:21:35,439 [INFO] PluginManage:310 - Check plugin clock
2024-03-06 01:21:35,451 [INFO] PluginManage:359 - Loaded plugin clock (category:base,tabindex:2)
2024-03-06 01:21:35,451 [INFO] PluginManage:310 - Check plugin ddr
2024-03-06 01:21:35,452 [INFO] PluginManage:359 - Loaded plugin ddr (category:tool,tabindex:6)
2024-03-06 01:21:35,452 [INFO] PluginManage:310 - Check plugin filemanager
2024-03-06 01:21:35,633 [INFO] PluginManage:359 - Loaded plugin filemanager (category:base,tabindex:10)
2024-03-06 01:21:35,634 [INFO] PluginManage:310 - Check plugin ipmanager
2024-03-06 01:21:35,648 [INFO] PluginManage:359 - Loaded plugin ipmanager (category:base,tabindex:5)
2024-03-06 01:21:35,649 [INFO] PluginManage:310 - Check plugin lpbam
2024-03-06 01:21:35,657 [INFO] PluginManage:359 - Loaded plugin lpbam (category:base,tabindex:0)
2024-03-06 01:21:35,657 [INFO] PluginManage:310 - Check plugin memorymap
2024-03-06 01:21:35,673 [INFO] PluginManage:359 - Loaded plugin memorymap (category:base,tabindex:4)
2024-03-06 01:21:35,673 [INFO] PluginManage:310 - Check plugin pinoutandconfiguration
2024-03-06 01:21:35,677 [INFO] PluginManage:359 - Loaded plugin pinoutandconfiguration (category:base,tabindex:1)
2024-03-06 01:21:35,677 [INFO] PluginManage:310 - Check plugin pinoutconfig
2024-03-06 01:21:35,740 [WARN] SupportedApi:132 - Cannot load RTOS API schema: s4s-elt-must-match.1: The content of 'definitions' must match (annotation?, (simpleType | complexType)?, (unique | key | keyref)*)). A problem was found starting at: attribute.
2024-03-06 01:21:35,858 [INFO] PluginManage:359 - Loaded plugin pinoutconfig (category:base,tabindex:0)
2024-03-06 01:21:35,858 [INFO] PluginManage:310 - Check plugin power
2024-03-06 01:21:35,868 [INFO] PluginManage:359 - Loaded plugin power (category:power,tabindex:4)
2024-03-06 01:21:35,869 [INFO] PluginManage:310 - Check plugin projectmanager
2024-03-06 01:21:35,893 [INFO] PluginManage:359 - Loaded plugin projectmanager (category:projectmanager,tabindex:3)
2024-03-06 01:21:35,893 [INFO] PluginManage:310 - Check plugin thirdparty
2024-03-06 01:21:36,007 [INFO] PluginManage:359 - Loaded plugin thirdparty (category:base,tabindex:-1)
2024-03-06 01:21:36,008 [INFO] PluginManage:310 - Check plugin tools
2024-03-06 01:21:36,007 [WARN] IntegrityCheckThread:84 - waiting for thirdparty lock release [integrity check]
2024-03-06 01:21:36,009 [INFO] IntegrityCheckThread:86 - entering critical section [integrity check]
2024-03-06 01:21:36,009 [INFO] ThirdPartyUpdaterWithRetryManager:70 - Updater plugin not ready yet. [1/15]
2024-03-06 01:21:36,011 [INFO] PluginManage:359 - Loaded plugin tools (category:base,tabindex:7)
2024-03-06 01:21:36,012 [INFO] PluginManage:310 - Check plugin tutovideos
2024-03-06 01:21:36,161 [INFO] PluginManage:359 - Loaded plugin tutovideos (category:base,tabindex:-1)
2024-03-06 01:21:36,163 [INFO] PluginManage:310 - Check plugin updater
2024-03-06 01:21:36,186 [INFO] PluginManage:359 - Loaded plugin updater (category:base,tabindex:12)
2024-03-06 01:21:36,187 [INFO] PluginManage:310 - Check plugin userauth
2024-03-06 01:21:36,191 [INFO] UserAuth:114 - Init User Auth plugin
2024-03-06 01:21:36,192 [INFO] PluginManage:359 - Loaded plugin userauth (category:base,tabindex:14)
2024-03-06 01:21:36,193 [INFO] PluginManage:283 - PluginManage : Loaded plugins [17]
2024-03-06 01:21:36,366 [INFO] PinOutPanel:1499 - setPackage(No Configuration,No Configuration)
2024-03-06 01:21:36,415 [INFO] CADModel:165 - CPN selected for project level
2024-03-06 01:21:36,415 [INFO] CADModel:114 - Register for checkConnection events
2024-03-06 01:21:36,424 [INFO] IPUIPlugin:80 - create IPUIPlugin
2024-03-06 01:21:36,425 [INFO] PluginManager:220 - loadIPPluginJar : add mdma
2024-03-06 01:21:36,428 [INFO] IPUIPlugin:80 - create IPUIPlugin
2024-03-06 01:21:36,428 [INFO] PluginManager:220 - loadIPPluginJar : add freertos
2024-03-06 01:21:36,430 [INFO] IPUIPlugin:80 - create IPUIPlugin
2024-03-06 01:21:36,430 [INFO] PluginManager:220 - loadIPPluginJar : add gic
2024-03-06 01:21:36,433 [INFO] IPUIPlugin:80 - create IPUIPlugin
2024-03-06 01:21:36,433 [INFO] PluginManager:220 - loadIPPluginJar : add adc
2024-03-06 01:21:36,435 [INFO] IPUIPlugin:80 - create IPUIPlugin
2024-03-06 01:21:36,435 [INFO] PluginManager:220 - loadIPPluginJar : add gtzc
2024-03-06 01:21:36,436 [INFO] IPUIPlugin:80 - create IPUIPlugin
2024-03-06 01:21:36,436 [INFO] PluginManager:220 - loadIPPluginJar : add quadspi
2024-03-06 01:21:36,436 [INFO] IPUIPlugin:80 - create IPUIPlugin
2024-03-06 01:21:36,436 [INFO] PluginManager:220 - loadIPPluginJar : add aes
2024-03-06 01:21:36,438 [INFO] IPUIPlugin:80 - create IPUIPlugin
2024-03-06 01:21:36,438 [INFO] PluginManager:220 - loadIPPluginJar : add pdm2pcm
2024-03-06 01:21:36,439 [INFO] IPUIPlugin:80 - create IPUIPlugin
2024-03-06 01:21:36,439 [INFO] PluginManager:220 - loadIPPluginJar : add hash
2024-03-06 01:21:36,440 [INFO] IPUIPlugin:80 - create IPUIPlugin
2024-03-06 01:21:36,440 [INFO] PluginManager:220 - loadIPPluginJar : add tim
2024-03-06 01:21:36,441 [INFO] IPUIPlugin:80 - create IPUIPlugin
2024-03-06 01:21:36,441 [INFO] PluginManager:220 - loadIPPluginJar : add tsc
2024-03-06 01:21:36,442 [INFO] IPUIPlugin:80 - create IPUIPlugin
2024-03-06 01:21:36,442 [INFO] PluginManager:220 - loadIPPluginJar : add ts
2024-03-06 01:21:36,443 [INFO] IPUIPlugin:80 - create IPUIPlugin
2024-03-06 01:21:36,443 [INFO] PluginManager:220 - loadIPPluginJar : add can
2024-03-06 01:21:36,445 [INFO] IPUIPlugin:80 - create IPUIPlugin
2024-03-06 01:21:36,445 [INFO] PluginManager:220 - loadIPPluginJar : add dma3
2024-03-06 01:21:36,446 [INFO] IPUIPlugin:80 - create IPUIPlugin
2024-03-06 01:21:36,446 [INFO] PluginManager:220 - loadIPPluginJar : add dfsdm
2024-03-06 01:21:36,446 [INFO] IPUIPlugin:80 - create IPUIPlugin
2024-03-06 01:21:36,446 [INFO] PluginManager:220 - loadIPPluginJar : add spi
2024-03-06 01:21:36,447 [INFO] IPUIPlugin:80 - create IPUIPlugin
2024-03-06 01:21:36,447 [INFO] PluginManager:220 - loadIPPluginJar : add gfxmmu
2024-03-06 01:21:36,447 [INFO] IPUIPlugin:80 - create IPUIPlugin
2024-03-06 01:21:36,447 [INFO] PluginManager:220 - loadIPPluginJar : add genericplugin
2024-03-06 01:21:36,448 [INFO] IPUIPlugin:80 - create IPUIPlugin
2024-03-06 01:21:36,448 [INFO] PluginManager:220 - loadIPPluginJar : add cryp
2024-03-06 01:21:36,449 [INFO] IPUIPlugin:80 - create IPUIPlugin
2024-03-06 01:21:36,449 [INFO] PluginManager:220 - loadIPPluginJar : add gpio
2024-03-06 01:21:36,451 [INFO] IPUIPlugin:80 - create IPUIPlugin
2024-03-06 01:21:36,451 [INFO] PluginManager:220 - loadIPPluginJar : add comp
2024-03-06 01:21:36,451 [INFO] IPUIPlugin:80 - create IPUIPlugin
2024-03-06 01:21:36,452 [INFO] PluginManager:220 - loadIPPluginJar : add tracer_emb
2024-03-06 01:21:36,453 [INFO] IPUIPlugin:80 - create IPUIPlugin
2024-03-06 01:21:36,453 [INFO] PluginManager:220 - loadIPPluginJar : add openamp
2024-03-06 01:21:36,455 [INFO] IPUIPlugin:80 - create IPUIPlugin
2024-03-06 01:21:36,455 [INFO] PluginManager:220 - loadIPPluginJar : add stm32_wpan
2024-03-06 01:21:36,457 [INFO] IPUIPlugin:80 - create IPUIPlugin
2024-03-06 01:21:36,459 [INFO] PluginManager:220 - loadIPPluginJar : add plateformsettings
2024-03-06 01:21:36,461 [INFO] IPUIPlugin:80 - create IPUIPlugin
2024-03-06 01:21:36,461 [INFO] PluginManager:220 - loadIPPluginJar : add ipddr
2024-03-06 01:21:36,462 [INFO] IPUIPlugin:80 - create IPUIPlugin
2024-03-06 01:21:36,462 [INFO] PluginManager:220 - loadIPPluginJar : add usart
2024-03-06 01:21:36,463 [INFO] IPUIPlugin:80 - create IPUIPlugin
2024-03-06 01:21:36,463 [INFO] PluginManager:220 - loadIPPluginJar : add ltdc
2024-03-06 01:21:36,464 [INFO] IPUIPlugin:80 - create IPUIPlugin
2024-03-06 01:21:36,464 [INFO] PluginManager:220 - loadIPPluginJar : add nvic
2024-03-06 01:21:36,464 [INFO] IPUIPlugin:80 - create IPUIPlugin
2024-03-06 01:21:36,465 [INFO] PluginManager:220 - loadIPPluginJar : add fatfs
2024-03-06 01:21:36,468 [INFO] IPUIPlugin:80 - create IPUIPlugin
2024-03-06 01:21:36,468 [INFO] PluginManager:220 - loadIPPluginJar : add linkedlist
2024-03-06 01:21:36,471 [INFO] IPUIPlugin:80 - create IPUIPlugin
2024-03-06 01:21:36,471 [INFO] PluginManager:220 - loadIPPluginJar : add dma
2024-03-06 01:21:36,472 [INFO] IPUIPlugin:80 - create IPUIPlugin
2024-03-06 01:21:36,472 [INFO] PluginManager:220 - loadIPPluginJar : add fmc
2024-03-06 01:21:36,474 [INFO] IPUIPlugin:80 - create IPUIPlugin
2024-03-06 01:21:36,474 [INFO] PluginManager:220 - loadIPPluginJar : add i2s
2024-03-06 01:21:36,475 [INFO] IPUIPlugin:80 - create IPUIPlugin
2024-03-06 01:21:36,475 [INFO] PluginManager:220 - loadIPPluginJar : add ucpd
2024-03-06 01:21:36,476 [INFO] IPUIPlugin:80 - create IPUIPlugin
2024-03-06 01:21:36,476 [INFO] PluginManager:220 - loadIPPluginJar : add lorawan
2024-03-06 01:21:36,477 [INFO] IPUIPlugin:80 - create IPUIPlugin
2024-03-06 01:21:36,477 [INFO] PluginManager:220 - loadIPPluginJar : add opamp
2024-03-06 01:21:36,478 [INFO] IPUIPlugin:80 - create IPUIPlugin
2024-03-06 01:21:36,478 [INFO] PluginManager:220 - loadIPPluginJar : add i3c
2024-03-06 01:21:36,480 [INFO] IPUIPlugin:80 - create IPUIPlugin
2024-03-06 01:21:36,480 [INFO] PluginManager:220 - loadIPPluginJar : add touchsensing
2024-03-06 01:21:36,481 [INFO] IPUIPlugin:80 - create IPUIPlugin
2024-03-06 01:21:36,481 [INFO] PluginManager:220 - loadIPPluginJar : add i2c
2024-03-06 01:21:36,482 [INFO] IPUIPlugin:80 - create IPUIPlugin
2024-03-06 01:21:36,482 [INFO] PluginManager:220 - loadIPPluginJar : add resmgrutility
2024-03-06 01:21:36,483 [INFO] IPUIPlugin:80 - create IPUIPlugin
2024-03-06 01:21:36,483 [INFO] PluginManager:220 - loadIPPluginJar : add sai
2024-03-06 01:21:36,484 [INFO] IPUIPlugin:80 - create IPUIPlugin
2024-03-06 01:21:36,484 [INFO] PluginManager:220 - loadIPPluginJar : add usbx
2024-03-06 01:21:36,600 [INFO] CADModel:165 - CPN selected for project level
2024-03-06 01:21:36,600 [INFO] CADModel:114 - Register for checkConnection events
2024-03-06 01:21:36,601 [FATAL] Updater:308 - Updater called before beeing initialized
2024-03-06 01:21:36,601 [ERROR] CADModel:125 - Updater not yet initialized, retry later 
2024-03-06 01:21:37,034 [INFO] CADModel:165 - CPN selected for project level
2024-03-06 01:21:37,034 [INFO] CADModel:114 - Register for checkConnection events
2024-03-06 01:21:37,034 [FATAL] Updater:308 - Updater called before beeing initialized
2024-03-06 01:21:37,034 [ERROR] CADModel:125 - Updater not yet initialized, retry later 
2024-03-06 01:21:37,036 [FATAL] Updater:308 - Updater called before beeing initialized
2024-03-06 01:21:37,144 [FATAL] Updater:308 - Updater called before beeing initialized
2024-03-06 01:21:37,147 [INFO] DbMcusAds:53 - JSON generation date=Wed Nov 29 19:52:27 KST 2023 (1701255147349)
2024-03-06 01:21:37,148 [FATAL] Updater:308 - Updater called before beeing initialized
2024-03-06 01:21:37,193 [WARN] DetailPanel:346 - Failed to get advertising image, set to default
2024-03-06 01:21:37,251 [FATAL] Updater:308 - Updater called before beeing initialized
2024-03-06 01:21:37,253 [FATAL] Updater:308 - Updater called before beeing initialized
2024-03-06 01:21:37,253 [FATAL] Updater:308 - Updater called before beeing initialized
2024-03-06 01:21:37,253 [WARN] DetailPanel:346 - Failed to get advertising image, set to default
2024-03-06 01:21:37,256 [FATAL] Updater:308 - Updater called before beeing initialized
2024-03-06 01:21:37,325 [ERROR] Updater:1120 - MainUpdater not yet initialized. External WinMGr cannot be set.
2024-03-06 01:21:37,345 [INFO] Updater:1056 - Updater Version found : 6.10.0
2024-03-06 01:21:37,356 [INFO] ApplicationProperties:184 - Using Application install path: /Applications/STM32CubeIDE.app/Contents/Eclipse/plugins/com.st.stm32cube.common.mx_6.10.0.202311202037
2024-03-06 01:21:38,704 [INFO] MainUpdater:2873 - connection check result : 10
2024-03-06 01:21:38,706 [INFO] MainUpdater:290 - Updater Check For Update Now.
2024-03-06 01:21:38,706 [INFO] MicroXplorer:498 - Change Database Version : DB.6.0.100
2024-03-06 01:21:38,715 [INFO] McuFinderGlobals:63 - Set McuFinder mode to 2 (CubeIDE integrated)
2024-03-06 01:21:38,716 [INFO] UserAuth:180 - activating auth plugin
2024-03-06 01:21:38,724 [INFO] UserAuth:404 - Internet connection configuration mode: 1
2024-03-06 01:21:38,736 [INFO] JxBrowserEngine:152 - Initiate JxBrowser Engine with user profile folder
2024-03-06 01:21:39,021 [WARN] MainUpdater:1194 - Updater busy. Cannot search thirdparties
2024-03-06 01:21:39,023 [INFO] ThirdPartyUpdaterWithRetryManager:96 - Updater plugin is busy. [1/15]
2024-03-06 01:21:39,027 [INFO] CheckServerUpdateThread:120 - End of CheckServer Thread
2024-03-06 01:21:42,165 [WARN] PackLoader:240 - Cannot read IP mode file for STMicroelectronics.X-CUBE-SMBUS.2.1.0
2024-03-06 01:21:42,182 [WARN] PackLoader:240 - Cannot read IP mode file for STMicroelectronics.X-CUBE-TOUCHGFX.4.23.0
2024-03-06 01:21:42,223 [WARN] PackLoader:240 - Cannot read IP mode file for STMicroelectronics.X-CUBE-AZRTOS-F7.1.1.0
2024-03-06 01:21:42,267 [WARN] PackLoader:240 - Cannot read IP mode file for STMicroelectronics.FP-SNS-MOTENV1.4.3.2
2024-03-06 01:21:42,334 [WARN] PackLoader:240 - Cannot read IP mode file for STMicroelectronics.FP-SNS-FLIGHT1.5.0.2
2024-03-06 01:21:42,366 [WARN] PackLoader:240 - Cannot read IP mode file for STMicroelectronics.X-CUBE-DISPLAY.3.0.0
2024-03-06 01:21:42,405 [WARN] PackLoader:240 - Cannot read IP mode file for STMicroelectronics.X-CUBE-BLE1.7.0.0
2024-03-06 01:21:42,429 [WARN] PackLoader:240 - Cannot read IP mode file for emotas.I-CUBE-CANOPEN.1.3.0
2024-03-06 01:21:42,464 [WARN] PackLoader:240 - Cannot read IP mode file for STMicroelectronics.X-CUBE-BLEMGR.3.1.0
2024-03-06 01:21:42,507 [WARN] PackLoader:240 - Cannot read IP mode file for STMicroelectronics.FP-SNS-SMARTAG2.1.2.0
2024-03-06 01:21:42,539 [INFO] LogOutputStream:77 - [STDOUT_REDIRECT] 1 : Invalid condition id : UX_CORESTACK_Condition cause : null
2024-03-06 01:21:42,541 [INFO] LogOutputStream:77 - [STDOUT_REDIRECT] 1 : Invalid condition id : UX_CORESTACK_Condition cause : null
2024-03-06 01:21:42,541 [INFO] LogOutputStream:77 - [STDOUT_REDIRECT] 1 : Invalid condition id : UX_CORESTACK_Condition cause : null
2024-03-06 01:21:42,541 [INFO] LogOutputStream:77 - [STDOUT_REDIRECT] 1 : Invalid condition id : UX_CORESTACK_Condition cause : null
2024-03-06 01:21:42,542 [INFO] LogOutputStream:77 - [STDOUT_REDIRECT] 1 : Invalid condition id : UX_CORESTACK_Condition cause : null
2024-03-06 01:21:42,547 [WARN] PackLoader:240 - Cannot read IP mode file for STMicroelectronics.X-CUBE-AZRTOS-WL.2.0.0
2024-03-06 01:21:42,563 [WARN] PackLoader:240 - Cannot read IP mode file for WES.I-CUBE-Cesium.1.3.0
2024-03-06 01:21:42,576 [WARN] PackLoader:240 - Cannot read IP mode file for STMicroelectronics.X-CUBE-BLE2.3.3.0
2024-03-06 01:21:42,591 [WARN] PackLoader:240 - Cannot read IP mode file for STMicroelectronics.X-CUBE-ALGOBUILD.1.3.0
2024-03-06 01:21:42,642 [WARN] PackLoader:240 - Cannot read IP mode file for STMicroelectronics.X-CUBE-AZRTOS-G0.1.1.0
2024-03-06 01:21:42,671 [WARN] PackLoader:240 - Cannot read IP mode file for STMicroelectronics.X-CUBE-NFC4.3.0.0
2024-03-06 01:21:42,687 [WARN] PackLoader:240 - Cannot read IP mode file for STMicroelectronics.X-CUBE-BLEMGR.3.0.0
2024-03-06 01:21:42,694 [WARN] PackLoader:240 - Cannot read IP mode file for STMicroelectronics.FP-ATR-SIGFOX1.3.2.0
2024-03-06 01:21:42,713 [WARN] PackLoader:240 - Cannot read IP mode file for STMicroelectronics.X-CUBE-EEPRMA1.5.1.0
2024-03-06 01:21:42,858 [WARN] PackLoader:240 - Cannot read IP mode file for SEGGER.I-CUBE-embOS.1.3.1
2024-03-06 01:21:42,993 [WARN] PackLoader:240 - Cannot read IP mode file for STMicroelectronics.X-CUBE-GNSS1.6.0.0
2024-03-06 01:21:43,058 [WARN] PackLoader:240 - Cannot read IP mode file for STMicroelectronics.X-CUBE-AZRTOS-F4.1.1.0
2024-03-06 01:21:43,078 [WARN] PackLoader:240 - Cannot read IP mode file for wolfSSL.I-CUBE-wolfSSL.5.6.6
2024-03-06 01:21:43,106 [WARN] PackLoader:240 - Cannot read IP mode file for STMicroelectronics.X-CUBE-AZRTOS-L5.2.0.0
2024-03-06 01:21:43,137 [WARN] PackLoader:240 - Cannot read IP mode file for ITTIA_DB.I-CUBE-ITTIADB.8.8.0
2024-03-06 01:21:43,147 [WARN] PackLoader:240 - Cannot read IP mode file for STMicroelectronics.X-CUBE-NFC7.1.0.1
2024-03-06 01:21:43,164 [WARN] PackLoader:240 - Cannot read IP mode file for STMicroelectronics.X-CUBE-NFC6.3.0.0
2024-03-06 01:21:43,178 [WARN] PackLoader:240 - Cannot read IP mode file for STMicroelectronics.X-CUBE-AI.8.1.0
2024-03-06 01:21:43,210 [WARN] ConditionMgr:438 - getConditionDescription Invalid condition id : LAN8742 Phy interface Condition cause : null
2024-03-06 01:21:43,211 [WARN] PackLoader:240 - Cannot read IP mode file for STMicroelectronics.X-CUBE-AZRTOS-L4.2.0.0
2024-03-06 01:21:43,221 [WARN] ConditionMgr:1039 - genDependencies : Invalid condition id : LAN8742 Phy interface Condition cause : null
2024-03-06 01:21:43,222 [WARN] ConditionMgr:1039 - genDependencies : Invalid condition id : LAN8742 Phy interface Condition cause : null
2024-03-06 01:21:43,223 [WARN] ConditionMgr:1039 - genDependencies : Invalid condition id : LAN8742 Phy interface Condition cause : null
2024-03-06 01:21:43,242 [WARN] PackLoader:240 - Cannot read IP mode file for STMicroelectronics.X-CUBE-SFXS2LP1.4.0.0
2024-03-06 01:21:43,265 [WARN] ConditionMgr:438 - getConditionDescription Invalid condition id : UX DEVICE CLASS RTOS Condition cause : null
2024-03-06 01:21:43,265 [WARN] ConditionMgr:438 - getConditionDescription Invalid condition id : UX DEVICE CLASS RTOS Condition cause : null
2024-03-06 01:21:43,269 [WARN] PackLoader:240 - Cannot read IP mode file for STMicroelectronics.X-CUBE-AZRTOS-WB.2.0.0
2024-03-06 01:21:43,273 [WARN] ConditionMgr:1039 - genDependencies : Invalid condition id : UX DEVICE CLASS RTOS Condition cause : null
2024-03-06 01:21:43,274 [WARN] ConditionMgr:1039 - genDependencies : Invalid condition id : UX DEVICE CLASS RTOS Condition cause : null
2024-03-06 01:21:43,275 [WARN] ConditionMgr:1039 - genDependencies : Invalid condition id : UX DEVICE CLASS RTOS Condition cause : null
2024-03-06 01:21:43,275 [WARN] ConditionMgr:1039 - genDependencies : Invalid condition id : UX DEVICE CLASS RTOS Condition cause : null
2024-03-06 01:21:43,276 [WARN] ConditionMgr:1039 - genDependencies : Invalid condition id : UX DEVICE CLASS RTOS Condition cause : null
2024-03-06 01:21:43,300 [WARN] PackLoader:240 - Cannot read IP mode file for STMicroelectronics.X-CUBE-SUBG2.5.0.0
2024-03-06 01:21:43,317 [INFO] WebApp:161 - Instantiating new browser for Auth
2024-03-06 01:21:43,323 [WARN] PackLoader:240 - Cannot read IP mode file for STMicroelectronics.X-CUBE-AZRTOS-G4.2.0.0
2024-03-06 01:21:43,342 [WARN] PackLoader:240 - Cannot read IP mode file for Infineon.AIROC-Wi-Fi-Bluetooth-STM32.1.5.1
2024-03-06 01:21:43,397 [WARN] PackLoader:240 - Cannot read IP mode file for STMicroelectronics.FP-SNS-MOTENVWB1.1.3.1
2024-03-06 01:21:43,407 [WARN] PackLoader:240 - Cannot read IP mode file for STMicroelectronics.X-CUBE-ISPU.2.0.0
2024-03-06 01:21:43,496 [WARN] PackLoader:240 - Cannot read IP mode file for STMicroelectronics.X-CUBE-MEMS1.10.0.0
2024-03-06 01:21:43,607 [WARN] PackLoader:240 - Cannot read IP mode file for STMicroelectronics.X-CUBE-FREERTOS.1.1.0
2024-03-06 01:21:43,620 [WARN] PackLoader:240 - Cannot read IP mode file for portGmbH.I-Cube-SoM-uGOAL.1.1.0
2024-03-06 01:21:43,627 [WARN] PackLoader:240 - Cannot read IP mode file for STMicroelectronics.X-CUBE-ALS.1.0.1
2024-03-06 01:21:43,632 [WARN] PackLoader:240 - Cannot read IP mode file for STMicroelectronics.FP-ATR-ASTRA1.2.0.0
2024-03-06 01:21:43,643 [WARN] PackLoader:240 - Cannot read IP mode file for STMicroelectronics.X-CUBE-TOF1.3.4.0
2024-03-06 01:21:43,691 [WARN] PackLoader:240 - Cannot read IP mode file for STMicroelectronics.X-CUBE-AZRTOS-H7.3.2.0
2024-03-06 01:21:43,700 [INFO] ThirdParty:978 - Integrity check success = true
2024-03-06 01:21:43,701 [INFO] IntegrityCheckThread:100 - exiting critical section [integrity check]
2024-03-06 01:21:43,701 [INFO] IntegrityCheckThread:103 - End integrity checks thread
2024-03-06 01:21:44,308 [INFO] WebApp:780 - Register for checkConnection events
2024-03-06 01:21:44,310 [INFO] WebApp:414 - Apply proxy settings
2024-03-06 01:21:44,322 [INFO] WebApp:459 - Chromium authenticates against Manually configured proxy
2024-03-06 01:21:44,340 [INFO] WebApp:467 - Username used for proxy authentication: 
2024-03-06 01:21:44,455 [INFO] WebApp:192 - Starting web application
2024-03-06 01:21:44,455 [INFO] WebApp:544 - Web application path used /Applications/STM32CubeIDE.app/Contents/Eclipse/plugins/com.st.stm32cube.common.mx_6.10.0.202311202037/db/plugins/mcufinder/reactClient1/index.html
2024-03-06 01:22:05,472 [ERROR] LogOutputStream:75 - [STDERR_REDIRECT] SLF4J: Failed to load class "org.slf4j.impl.StaticLoggerBinder".
2024-03-06 01:22:05,475 [ERROR] LogOutputStream:75 - [STDERR_REDIRECT] SLF4J: Defaulting to no-operation (NOP) logger implementation
2024-03-06 01:22:05,475 [ERROR] LogOutputStream:75 - [STDERR_REDIRECT] SLF4J: See http://www.slf4j.org/codes.html#StaticLoggerBinder for further details.
2024-03-06 03:05:10,298 [ERROR] LogOutputStream:75 - [STDERR_REDIRECT] 
2024-03-06 11:08:12,691 [INFO] Activator:176 - 


2024-03-06 11:08:12,692 [INFO] Activator:177 - !SESSION log4j initialized
2024-03-06 11:08:17,170 [ERROR] LogOutputStream:75 - [STDERR_REDIRECT] 
2024-03-06 11:08:17,752 [INFO] LogOutputStream:77 - [STDOUT_REDIRECT] 
2024-03-06 11:08:19,079 [INFO] LogOutputStream:77 - [STDOUT_REDIRECT] 
2024-03-06 11:08:20,365 [INFO] ApplicationProperties:184 - Using Application install path: /Applications/STM32CubeIDE.app/Contents/Eclipse/plugins/com.st.stm32cube.common.mx_6.10.0.202311202037
2024-03-06 11:08:20,374 [INFO] DbMcusXml:78 - Set database path to: /Applications/STM32CubeIDE.app/Contents/Eclipse/plugins/com.st.stm32cube.common.mx_6.10.0.202311202037//db//mcu/
2024-03-06 11:08:20,374 [INFO] ApiDb:274 - Set plugin database path to: /Applications/STM32CubeIDE.app/Contents/Eclipse/plugins/com.st.stm32cube.common.mx_6.10.0.202311202037//db//plugins/boardmanager/
2024-03-06 11:08:20,375 [WARN] ApiDb:259 - Overriding images path with different value:  => /Applications/STM32CubeIDE.app/Contents/Eclipse/plugins/com.st.stm32cube.common.mx_6.10.0.202311202037//db//plugins/mcufinder/images/
2024-03-06 11:08:20,383 [INFO] ApiDb:250 - Set database path to: /Users/chmnku/.stmcufinder/plugins/mcufinder//mcu/
2024-03-06 11:08:20,383 [INFO] DbMcusAds:125 - Set database path to: /Users/chmnku/.stmcufinder/plugins/mcufinder//mcu/
2024-03-06 11:08:20,384 [INFO] CrossReferenceDbSqlite:203 - Set database path to: /Users/chmnku/.stmcufinder/plugins/mcufinder//mcu/cs/
2024-03-06 11:08:20,556 [INFO] RulesReader:64 - Compatibility file has been processed (297 Rules)
2024-03-06 11:08:20,604 [INFO] DbMcusXml:78 - Set database path to: /Applications/STM32CubeIDE.app/Contents/Eclipse/plugins/com.st.stm32cube.common.mx_6.10.0.202311202037//db//mcu/
2024-03-06 11:08:20,604 [INFO] ApiDb:274 - Set plugin database path to: /Applications/STM32CubeIDE.app/Contents/Eclipse/plugins/com.st.stm32cube.common.mx_6.10.0.202311202037//db//plugins/boardmanager/
2024-03-06 11:08:20,605 [INFO] ApiDb:261 - Set plugin images path to: /Applications/STM32CubeIDE.app/Contents/Eclipse/plugins/com.st.stm32cube.common.mx_6.10.0.202311202037//db//plugins/mcufinder/images/
2024-03-06 11:08:20,606 [WARN] DbFile:41 - Overriding database path with different value: /Users/chmnku/.stmcufinder/plugins/mcufinder/ => /Users/chmnku/.stmcufinder/plugins/mcufinder
2024-03-06 11:08:20,606 [INFO] ApiDb:250 - Set database path to: /Users/chmnku/.stmcufinder/plugins/mcufinder//mcu/
2024-03-06 11:08:20,606 [WARN] DbFile:41 - Overriding database path with different value: /Users/chmnku/.stmcufinder/plugins/mcufinder/ => /Users/chmnku/.stmcufinder/plugins/mcufinder
2024-03-06 11:08:20,606 [INFO] DbMcusAds:125 - Set database path to: /Users/chmnku/.stmcufinder/plugins/mcufinder//mcu/
2024-03-06 11:08:20,606 [WARN] DbFile:41 - Overriding database path with different value: /Users/chmnku/.stmcufinder/plugins/mcufinder/ => /Users/chmnku/.stmcufinder/plugins/mcufinder
2024-03-06 11:08:20,606 [WARN] DbFile:41 - Overriding database path with different value: /Users/chmnku/.stmcufinder/plugins/mcufinder/ => /Users/chmnku/.stmcufinder/plugins/mcufinder
2024-03-06 11:08:20,606 [INFO] CrossReferenceDbSqlite:203 - Set database path to: /Users/chmnku/.stmcufinder/plugins/mcufinder//mcu/cs/
2024-03-06 11:08:20,631 [ERROR] LogOutputStream:75 - [STDERR_REDIRECT] [Fatal Error] :2:10: DOCTYPE is disallowed when the feature "http://apache.org/xml/features/disallow-doctype-decl" set to true.
2024-03-06 11:08:20,643 [ERROR] LogOutputStream:75 - [STDERR_REDIRECT] 
2024-03-06 11:08:20,676 [INFO] MainPanel:264 - HeapMemory: 268435456
2024-03-06 11:08:20,737 [INFO] DbMcusXml:78 - Set database path to: /Applications/STM32CubeIDE.app/Contents/Eclipse/plugins/com.st.stm32cube.common.mx_6.10.0.202311202037//db//mcu/
2024-03-06 11:08:20,737 [INFO] ApiDb:274 - Set plugin database path to: /Applications/STM32CubeIDE.app/Contents/Eclipse/plugins/com.st.stm32cube.common.mx_6.10.0.202311202037//db//plugins/boardmanager/
2024-03-06 11:08:20,737 [INFO] ApiDb:261 - Set plugin images path to: /Applications/STM32CubeIDE.app/Contents/Eclipse/plugins/com.st.stm32cube.common.mx_6.10.0.202311202037//db//plugins/mcufinder/images/
2024-03-06 11:08:20,738 [WARN] DbFile:41 - Overriding database path with different value: /Users/chmnku/.stmcufinder/plugins/mcufinder/ => /Users/chmnku/.stmcufinder/plugins/mcufinder
2024-03-06 11:08:20,738 [INFO] ApiDb:250 - Set database path to: /Users/chmnku/.stmcufinder/plugins/mcufinder//mcu/
2024-03-06 11:08:20,738 [WARN] DbFile:41 - Overriding database path with different value: /Users/chmnku/.stmcufinder/plugins/mcufinder/ => /Users/chmnku/.stmcufinder/plugins/mcufinder
2024-03-06 11:08:20,738 [INFO] DbMcusAds:125 - Set database path to: /Users/chmnku/.stmcufinder/plugins/mcufinder//mcu/
2024-03-06 11:08:20,738 [WARN] DbFile:41 - Overriding database path with different value: /Users/chmnku/.stmcufinder/plugins/mcufinder/ => /Users/chmnku/.stmcufinder/plugins/mcufinder
2024-03-06 11:08:20,738 [WARN] DbFile:41 - Overriding database path with different value: /Users/chmnku/.stmcufinder/plugins/mcufinder/ => /Users/chmnku/.stmcufinder/plugins/mcufinder
2024-03-06 11:08:20,738 [INFO] CrossReferenceDbSqlite:203 - Set database path to: /Users/chmnku/.stmcufinder/plugins/mcufinder//mcu/cs/
2024-03-06 11:08:20,750 [INFO] ApplicationProperties:184 - Using Application install path: /Applications/STM32CubeIDE.app/Contents/Eclipse/plugins/com.st.stm32cube.common.mx_6.10.0.202311202037
2024-03-06 11:08:20,751 [INFO] PluginManage:196 - Search for loadable plugins [exclusion list=, ]
2024-03-06 11:08:20,753 [INFO] PluginManage:310 - Check plugin analytics
2024-03-06 11:08:20,917 [INFO] AnalyticsPlugin:253 - Accepted Software Licenses: STM32CubeMX.6.10.0
2024-03-06 11:08:20,918 [INFO] AnalyticsPlugin:255 - Accepted CMSIS Pack Licenses: 
2024-03-06 11:08:20,918 [INFO] AnalyticsPlugin:257 - Accepted Firmware Licenses: FW.F4.1.28.0
2024-03-06 11:08:20,922 [INFO] PluginManage:359 - Loaded plugin analytics (category:tool,tabindex:-1)
2024-03-06 11:08:20,923 [INFO] PluginManage:310 - Check plugin cadmodel
2024-03-06 11:08:21,313 [INFO] CADModel:105 - Init CAD model plugin
2024-03-06 11:08:21,313 [INFO] PluginManage:359 - Loaded plugin cadmodel (category:power,tabindex:5)
2024-03-06 11:08:21,313 [INFO] PluginManage:310 - Check plugin clock
2024-03-06 11:08:21,325 [INFO] PluginManage:359 - Loaded plugin clock (category:base,tabindex:2)
2024-03-06 11:08:21,326 [INFO] PluginManage:310 - Check plugin ddr
2024-03-06 11:08:21,328 [INFO] PluginManage:359 - Loaded plugin ddr (category:tool,tabindex:6)
2024-03-06 11:08:21,328 [INFO] PluginManage:310 - Check plugin filemanager
2024-03-06 11:08:21,442 [INFO] PluginManage:359 - Loaded plugin filemanager (category:base,tabindex:10)
2024-03-06 11:08:21,443 [INFO] PluginManage:310 - Check plugin ipmanager
2024-03-06 11:08:21,449 [INFO] PluginManage:359 - Loaded plugin ipmanager (category:base,tabindex:5)
2024-03-06 11:08:21,449 [INFO] PluginManage:310 - Check plugin lpbam
2024-03-06 11:08:21,456 [INFO] PluginManage:359 - Loaded plugin lpbam (category:base,tabindex:0)
2024-03-06 11:08:21,456 [INFO] PluginManage:310 - Check plugin memorymap
2024-03-06 11:08:21,463 [INFO] PluginManage:359 - Loaded plugin memorymap (category:base,tabindex:4)
2024-03-06 11:08:21,463 [INFO] PluginManage:310 - Check plugin pinoutandconfiguration
2024-03-06 11:08:21,466 [INFO] PluginManage:359 - Loaded plugin pinoutandconfiguration (category:base,tabindex:1)
2024-03-06 11:08:21,466 [INFO] PluginManage:310 - Check plugin pinoutconfig
2024-03-06 11:08:21,533 [WARN] SupportedApi:132 - Cannot load RTOS API schema: s4s-elt-must-match.1: The content of 'definitions' must match (annotation?, (simpleType | complexType)?, (unique | key | keyref)*)). A problem was found starting at: attribute.
2024-03-06 11:08:21,768 [INFO] PluginManage:359 - Loaded plugin pinoutconfig (category:base,tabindex:0)
2024-03-06 11:08:21,769 [INFO] PluginManage:310 - Check plugin power
2024-03-06 11:08:21,787 [INFO] PluginManage:359 - Loaded plugin power (category:power,tabindex:4)
2024-03-06 11:08:21,787 [INFO] PluginManage:310 - Check plugin projectmanager
2024-03-06 11:08:21,813 [INFO] PluginManage:359 - Loaded plugin projectmanager (category:projectmanager,tabindex:3)
2024-03-06 11:08:21,813 [INFO] PluginManage:310 - Check plugin thirdparty
2024-03-06 11:08:21,937 [INFO] PluginManage:359 - Loaded plugin thirdparty (category:base,tabindex:-1)
2024-03-06 11:08:21,937 [INFO] PluginManage:310 - Check plugin tools
2024-03-06 11:08:21,937 [WARN] IntegrityCheckThread:84 - waiting for thirdparty lock release [integrity check]
2024-03-06 11:08:21,942 [INFO] IntegrityCheckThread:86 - entering critical section [integrity check]
2024-03-06 11:08:21,943 [INFO] ThirdPartyUpdaterWithRetryManager:70 - Updater plugin not ready yet. [1/15]
2024-03-06 11:08:21,943 [INFO] PluginManage:359 - Loaded plugin tools (category:base,tabindex:7)
2024-03-06 11:08:21,943 [INFO] PluginManage:310 - Check plugin tutovideos
2024-03-06 11:08:22,051 [INFO] PluginManage:359 - Loaded plugin tutovideos (category:base,tabindex:-1)
2024-03-06 11:08:22,051 [INFO] PluginManage:310 - Check plugin updater
2024-03-06 11:08:22,062 [INFO] PluginManage:359 - Loaded plugin updater (category:base,tabindex:12)
2024-03-06 11:08:22,062 [INFO] PluginManage:310 - Check plugin userauth
2024-03-06 11:08:22,065 [INFO] UserAuth:114 - Init User Auth plugin
2024-03-06 11:08:22,066 [INFO] PluginManage:359 - Loaded plugin userauth (category:base,tabindex:14)
2024-03-06 11:08:22,067 [INFO] PluginManage:283 - PluginManage : Loaded plugins [17]
2024-03-06 11:08:22,252 [INFO] PinOutPanel:1499 - setPackage(No Configuration,No Configuration)
2024-03-06 11:08:22,300 [INFO] CADModel:165 - CPN selected for project level
2024-03-06 11:08:22,300 [INFO] CADModel:114 - Register for checkConnection events
2024-03-06 11:08:22,307 [INFO] IPUIPlugin:80 - create IPUIPlugin
2024-03-06 11:08:22,307 [INFO] PluginManager:220 - loadIPPluginJar : add mdma
2024-03-06 11:08:22,311 [INFO] IPUIPlugin:80 - create IPUIPlugin
2024-03-06 11:08:22,311 [INFO] PluginManager:220 - loadIPPluginJar : add freertos
2024-03-06 11:08:22,313 [INFO] IPUIPlugin:80 - create IPUIPlugin
2024-03-06 11:08:22,313 [INFO] PluginManager:220 - loadIPPluginJar : add gic
2024-03-06 11:08:22,323 [INFO] IPUIPlugin:80 - create IPUIPlugin
2024-03-06 11:08:22,323 [INFO] PluginManager:220 - loadIPPluginJar : add adc
2024-03-06 11:08:22,325 [INFO] IPUIPlugin:80 - create IPUIPlugin
2024-03-06 11:08:22,325 [INFO] PluginManager:220 - loadIPPluginJar : add gtzc
2024-03-06 11:08:22,327 [INFO] IPUIPlugin:80 - create IPUIPlugin
2024-03-06 11:08:22,327 [INFO] PluginManager:220 - loadIPPluginJar : add quadspi
2024-03-06 11:08:22,329 [INFO] IPUIPlugin:80 - create IPUIPlugin
2024-03-06 11:08:22,329 [INFO] PluginManager:220 - loadIPPluginJar : add aes
2024-03-06 11:08:22,330 [INFO] IPUIPlugin:80 - create IPUIPlugin
2024-03-06 11:08:22,330 [INFO] PluginManager:220 - loadIPPluginJar : add pdm2pcm
2024-03-06 11:08:22,331 [INFO] IPUIPlugin:80 - create IPUIPlugin
2024-03-06 11:08:22,331 [INFO] PluginManager:220 - loadIPPluginJar : add hash
2024-03-06 11:08:22,332 [INFO] IPUIPlugin:80 - create IPUIPlugin
2024-03-06 11:08:22,332 [INFO] PluginManager:220 - loadIPPluginJar : add tim
2024-03-06 11:08:22,333 [INFO] IPUIPlugin:80 - create IPUIPlugin
2024-03-06 11:08:22,333 [INFO] PluginManager:220 - loadIPPluginJar : add tsc
2024-03-06 11:08:22,334 [INFO] IPUIPlugin:80 - create IPUIPlugin
2024-03-06 11:08:22,334 [INFO] PluginManager:220 - loadIPPluginJar : add ts
2024-03-06 11:08:22,336 [INFO] IPUIPlugin:80 - create IPUIPlugin
2024-03-06 11:08:22,336 [INFO] PluginManager:220 - loadIPPluginJar : add can
2024-03-06 11:08:22,337 [INFO] IPUIPlugin:80 - create IPUIPlugin
2024-03-06 11:08:22,338 [INFO] PluginManager:220 - loadIPPluginJar : add dma3
2024-03-06 11:08:22,338 [INFO] IPUIPlugin:80 - create IPUIPlugin
2024-03-06 11:08:22,338 [INFO] PluginManager:220 - loadIPPluginJar : add dfsdm
2024-03-06 11:08:22,339 [INFO] IPUIPlugin:80 - create IPUIPlugin
2024-03-06 11:08:22,339 [INFO] PluginManager:220 - loadIPPluginJar : add spi
2024-03-06 11:08:22,340 [INFO] IPUIPlugin:80 - create IPUIPlugin
2024-03-06 11:08:22,340 [INFO] PluginManager:220 - loadIPPluginJar : add gfxmmu
2024-03-06 11:08:22,341 [INFO] IPUIPlugin:80 - create IPUIPlugin
2024-03-06 11:08:22,341 [INFO] PluginManager:220 - loadIPPluginJar : add genericplugin
2024-03-06 11:08:22,342 [INFO] IPUIPlugin:80 - create IPUIPlugin
2024-03-06 11:08:22,342 [INFO] PluginManager:220 - loadIPPluginJar : add cryp
2024-03-06 11:08:22,343 [INFO] IPUIPlugin:80 - create IPUIPlugin
2024-03-06 11:08:22,344 [INFO] PluginManager:220 - loadIPPluginJar : add gpio
2024-03-06 11:08:22,345 [INFO] IPUIPlugin:80 - create IPUIPlugin
2024-03-06 11:08:22,345 [INFO] PluginManager:220 - loadIPPluginJar : add comp
2024-03-06 11:08:22,346 [INFO] IPUIPlugin:80 - create IPUIPlugin
2024-03-06 11:08:22,346 [INFO] PluginManager:220 - loadIPPluginJar : add tracer_emb
2024-03-06 11:08:22,347 [INFO] IPUIPlugin:80 - create IPUIPlugin
2024-03-06 11:08:22,347 [INFO] PluginManager:220 - loadIPPluginJar : add openamp
2024-03-06 11:08:22,349 [INFO] IPUIPlugin:80 - create IPUIPlugin
2024-03-06 11:08:22,349 [INFO] PluginManager:220 - loadIPPluginJar : add stm32_wpan
2024-03-06 11:08:22,352 [INFO] IPUIPlugin:80 - create IPUIPlugin
2024-03-06 11:08:22,354 [INFO] PluginManager:220 - loadIPPluginJar : add plateformsettings
2024-03-06 11:08:22,356 [INFO] IPUIPlugin:80 - create IPUIPlugin
2024-03-06 11:08:22,356 [INFO] PluginManager:220 - loadIPPluginJar : add ipddr
2024-03-06 11:08:22,358 [INFO] IPUIPlugin:80 - create IPUIPlugin
2024-03-06 11:08:22,358 [INFO] PluginManager:220 - loadIPPluginJar : add usart
2024-03-06 11:08:22,358 [INFO] IPUIPlugin:80 - create IPUIPlugin
2024-03-06 11:08:22,358 [INFO] PluginManager:220 - loadIPPluginJar : add ltdc
2024-03-06 11:08:22,360 [INFO] IPUIPlugin:80 - create IPUIPlugin
2024-03-06 11:08:22,360 [INFO] PluginManager:220 - loadIPPluginJar : add nvic
2024-03-06 11:08:22,360 [INFO] IPUIPlugin:80 - create IPUIPlugin
2024-03-06 11:08:22,360 [INFO] PluginManager:220 - loadIPPluginJar : add fatfs
2024-03-06 11:08:22,364 [INFO] IPUIPlugin:80 - create IPUIPlugin
2024-03-06 11:08:22,364 [INFO] PluginManager:220 - loadIPPluginJar : add linkedlist
2024-03-06 11:08:22,368 [INFO] IPUIPlugin:80 - create IPUIPlugin
2024-03-06 11:08:22,368 [INFO] PluginManager:220 - loadIPPluginJar : add dma
2024-03-06 11:08:22,370 [INFO] IPUIPlugin:80 - create IPUIPlugin
2024-03-06 11:08:22,370 [INFO] PluginManager:220 - loadIPPluginJar : add fmc
2024-03-06 11:08:22,371 [INFO] IPUIPlugin:80 - create IPUIPlugin
2024-03-06 11:08:22,372 [INFO] PluginManager:220 - loadIPPluginJar : add i2s
2024-03-06 11:08:22,373 [INFO] IPUIPlugin:80 - create IPUIPlugin
2024-03-06 11:08:22,373 [INFO] PluginManager:220 - loadIPPluginJar : add ucpd
2024-03-06 11:08:22,374 [INFO] IPUIPlugin:80 - create IPUIPlugin
2024-03-06 11:08:22,374 [INFO] PluginManager:220 - loadIPPluginJar : add lorawan
2024-03-06 11:08:22,375 [INFO] IPUIPlugin:80 - create IPUIPlugin
2024-03-06 11:08:22,375 [INFO] PluginManager:220 - loadIPPluginJar : add opamp
2024-03-06 11:08:22,376 [INFO] IPUIPlugin:80 - create IPUIPlugin
2024-03-06 11:08:22,376 [INFO] PluginManager:220 - loadIPPluginJar : add i3c
2024-03-06 11:08:22,377 [INFO] IPUIPlugin:80 - create IPUIPlugin
2024-03-06 11:08:22,377 [INFO] PluginManager:220 - loadIPPluginJar : add touchsensing
2024-03-06 11:08:22,378 [INFO] IPUIPlugin:80 - create IPUIPlugin
2024-03-06 11:08:22,378 [INFO] PluginManager:220 - loadIPPluginJar : add i2c
2024-03-06 11:08:22,379 [INFO] IPUIPlugin:80 - create IPUIPlugin
2024-03-06 11:08:22,379 [INFO] PluginManager:220 - loadIPPluginJar : add resmgrutility
2024-03-06 11:08:22,380 [INFO] IPUIPlugin:80 - create IPUIPlugin
2024-03-06 11:08:22,380 [INFO] PluginManager:220 - loadIPPluginJar : add sai
2024-03-06 11:08:22,381 [INFO] IPUIPlugin:80 - create IPUIPlugin
2024-03-06 11:08:22,381 [INFO] PluginManager:220 - loadIPPluginJar : add usbx
2024-03-06 11:08:22,494 [INFO] CADModel:165 - CPN selected for project level
2024-03-06 11:08:22,495 [INFO] CADModel:114 - Register for checkConnection events
2024-03-06 11:08:22,495 [FATAL] Updater:308 - Updater called before beeing initialized
2024-03-06 11:08:22,495 [ERROR] CADModel:125 - Updater not yet initialized, retry later 
2024-03-06 11:08:22,679 [INFO] CADModel:165 - CPN selected for project level
2024-03-06 11:08:22,679 [INFO] CADModel:114 - Register for checkConnection events
2024-03-06 11:08:22,679 [FATAL] Updater:308 - Updater called before beeing initialized
2024-03-06 11:08:22,679 [ERROR] CADModel:125 - Updater not yet initialized, retry later 
2024-03-06 11:08:22,681 [FATAL] Updater:308 - Updater called before beeing initialized
2024-03-06 11:08:22,792 [FATAL] Updater:308 - Updater called before beeing initialized
2024-03-06 11:08:22,796 [INFO] DbMcusAds:53 - JSON generation date=Wed Nov 29 19:52:27 KST 2023 (1701255147349)
2024-03-06 11:08:22,796 [FATAL] Updater:308 - Updater called before beeing initialized
2024-03-06 11:08:22,840 [WARN] DetailPanel:346 - Failed to get advertising image, set to default
2024-03-06 11:08:22,895 [FATAL] Updater:308 - Updater called before beeing initialized
2024-03-06 11:08:22,897 [FATAL] Updater:308 - Updater called before beeing initialized
2024-03-06 11:08:22,898 [FATAL] Updater:308 - Updater called before beeing initialized
2024-03-06 11:08:22,898 [WARN] DetailPanel:346 - Failed to get advertising image, set to default
2024-03-06 11:08:22,899 [FATAL] Updater:308 - Updater called before beeing initialized
2024-03-06 11:08:23,048 [ERROR] Updater:1120 - MainUpdater not yet initialized. External WinMGr cannot be set.
2024-03-06 11:08:23,089 [INFO] Updater:1056 - Updater Version found : 6.10.0
2024-03-06 11:08:23,102 [INFO] ApplicationProperties:184 - Using Application install path: /Applications/STM32CubeIDE.app/Contents/Eclipse/plugins/com.st.stm32cube.common.mx_6.10.0.202311202037
2024-03-06 11:08:23,614 [INFO] MainUpdater:2873 - connection check result : 10
2024-03-06 11:08:23,615 [INFO] MainUpdater:290 - Updater Check For Update Now.
2024-03-06 11:08:23,615 [INFO] MicroXplorer:498 - Change Database Version : DB.6.0.100
2024-03-06 11:08:23,620 [INFO] McuFinderGlobals:63 - Set McuFinder mode to 2 (CubeIDE integrated)
2024-03-06 11:08:23,620 [INFO] UserAuth:180 - activating auth plugin
2024-03-06 11:08:23,630 [INFO] UserAuth:404 - Internet connection configuration mode: 1
2024-03-06 11:08:23,648 [INFO] JxBrowserEngine:152 - Initiate JxBrowser Engine with user profile folder
2024-03-06 11:08:23,841 [INFO] CheckServerUpdateThread:120 - End of CheckServer Thread
2024-03-06 11:08:25,078 [WARN] PackLoader:240 - Cannot read IP mode file for STMicroelectronics.X-CUBE-SMBUS.2.1.0
2024-03-06 11:08:25,091 [WARN] PackLoader:240 - Cannot read IP mode file for STMicroelectronics.X-CUBE-TOUCHGFX.4.23.0
2024-03-06 11:08:25,121 [WARN] PackLoader:240 - Cannot read IP mode file for STMicroelectronics.X-CUBE-AZRTOS-F7.1.1.0
2024-03-06 11:08:25,149 [WARN] PackLoader:240 - Cannot read IP mode file for STMicroelectronics.FP-SNS-MOTENV1.4.3.2
2024-03-06 11:08:25,233 [WARN] PackLoader:240 - Cannot read IP mode file for STMicroelectronics.FP-SNS-FLIGHT1.5.0.2
2024-03-06 11:08:25,253 [WARN] PackLoader:240 - Cannot read IP mode file for STMicroelectronics.X-CUBE-DISPLAY.3.0.0
2024-03-06 11:08:25,297 [WARN] PackLoader:240 - Cannot read IP mode file for STMicroelectronics.X-CUBE-BLE1.7.0.0
2024-03-06 11:08:25,328 [WARN] PackLoader:240 - Cannot read IP mode file for emotas.I-CUBE-CANOPEN.1.3.0
2024-03-06 11:08:25,368 [WARN] PackLoader:240 - Cannot read IP mode file for STMicroelectronics.X-CUBE-BLEMGR.3.1.0
2024-03-06 11:08:25,386 [WARN] PackLoader:240 - Cannot read IP mode file for STMicroelectronics.FP-SNS-SMARTAG2.1.2.0
2024-03-06 11:08:25,398 [INFO] LogOutputStream:77 - [STDOUT_REDIRECT] 1 : Invalid condition id : UX_CORESTACK_Condition cause : null
2024-03-06 11:08:25,401 [INFO] LogOutputStream:77 - [STDOUT_REDIRECT] 1 : Invalid condition id : UX_CORESTACK_Condition cause : null
2024-03-06 11:08:25,402 [INFO] LogOutputStream:77 - [STDOUT_REDIRECT] 1 : Invalid condition id : UX_CORESTACK_Condition cause : null
2024-03-06 11:08:25,403 [INFO] LogOutputStream:77 - [STDOUT_REDIRECT] 1 : Invalid condition id : UX_CORESTACK_Condition cause : null
2024-03-06 11:08:25,403 [INFO] LogOutputStream:77 - [STDOUT_REDIRECT] 1 : Invalid condition id : UX_CORESTACK_Condition cause : null
2024-03-06 11:08:25,409 [WARN] PackLoader:240 - Cannot read IP mode file for STMicroelectronics.X-CUBE-AZRTOS-WL.2.0.0
2024-03-06 11:08:25,423 [WARN] PackLoader:240 - Cannot read IP mode file for WES.I-CUBE-Cesium.1.3.0
2024-03-06 11:08:25,435 [WARN] PackLoader:240 - Cannot read IP mode file for STMicroelectronics.X-CUBE-BLE2.3.3.0
2024-03-06 11:08:25,452 [WARN] PackLoader:240 - Cannot read IP mode file for STMicroelectronics.X-CUBE-ALGOBUILD.1.3.0
2024-03-06 11:08:25,494 [WARN] PackLoader:240 - Cannot read IP mode file for STMicroelectronics.X-CUBE-AZRTOS-G0.1.1.0
2024-03-06 11:08:25,536 [WARN] PackLoader:240 - Cannot read IP mode file for STMicroelectronics.X-CUBE-NFC4.3.0.0
2024-03-06 11:08:25,555 [WARN] PackLoader:240 - Cannot read IP mode file for STMicroelectronics.X-CUBE-BLEMGR.3.0.0
2024-03-06 11:08:25,564 [WARN] PackLoader:240 - Cannot read IP mode file for STMicroelectronics.FP-ATR-SIGFOX1.3.2.0
2024-03-06 11:08:25,577 [WARN] PackLoader:240 - Cannot read IP mode file for STMicroelectronics.X-CUBE-EEPRMA1.5.1.0
2024-03-06 11:08:25,657 [WARN] PackLoader:240 - Cannot read IP mode file for SEGGER.I-CUBE-embOS.1.3.1
2024-03-06 11:08:25,749 [WARN] PackLoader:240 - Cannot read IP mode file for STMicroelectronics.X-CUBE-GNSS1.6.0.0
2024-03-06 11:08:25,771 [WARN] PackLoader:240 - Cannot read IP mode file for STMicroelectronics.X-CUBE-AZRTOS-F4.1.1.0
2024-03-06 11:08:25,783 [WARN] PackLoader:240 - Cannot read IP mode file for wolfSSL.I-CUBE-wolfSSL.5.6.6
2024-03-06 11:08:25,809 [WARN] PackLoader:240 - Cannot read IP mode file for STMicroelectronics.X-CUBE-AZRTOS-L5.2.0.0
2024-03-06 11:08:25,821 [WARN] PackLoader:240 - Cannot read IP mode file for ITTIA_DB.I-CUBE-ITTIADB.8.8.0
2024-03-06 11:08:25,829 [WARN] PackLoader:240 - Cannot read IP mode file for STMicroelectronics.X-CUBE-NFC7.1.0.1
2024-03-06 11:08:25,849 [WARN] PackLoader:240 - Cannot read IP mode file for STMicroelectronics.X-CUBE-NFC6.3.0.0
2024-03-06 11:08:25,856 [WARN] PackLoader:240 - Cannot read IP mode file for STMicroelectronics.X-CUBE-AI.8.1.0
2024-03-06 11:08:25,879 [WARN] ConditionMgr:438 - getConditionDescription Invalid condition id : LAN8742 Phy interface Condition cause : null
2024-03-06 11:08:25,880 [WARN] PackLoader:240 - Cannot read IP mode file for STMicroelectronics.X-CUBE-AZRTOS-L4.2.0.0
2024-03-06 11:08:25,884 [WARN] ConditionMgr:1039 - genDependencies : Invalid condition id : LAN8742 Phy interface Condition cause : null
2024-03-06 11:08:25,891 [WARN] ConditionMgr:1039 - genDependencies : Invalid condition id : LAN8742 Phy interface Condition cause : null
2024-03-06 11:08:25,893 [WARN] ConditionMgr:1039 - genDependencies : Invalid condition id : LAN8742 Phy interface Condition cause : null
2024-03-06 11:08:25,910 [WARN] PackLoader:240 - Cannot read IP mode file for STMicroelectronics.X-CUBE-SFXS2LP1.4.0.0
2024-03-06 11:08:25,923 [WARN] ConditionMgr:438 - getConditionDescription Invalid condition id : UX DEVICE CLASS RTOS Condition cause : null
2024-03-06 11:08:25,924 [WARN] ConditionMgr:438 - getConditionDescription Invalid condition id : UX DEVICE CLASS RTOS Condition cause : null
2024-03-06 11:08:25,927 [WARN] PackLoader:240 - Cannot read IP mode file for STMicroelectronics.X-CUBE-AZRTOS-WB.2.0.0
2024-03-06 11:08:25,928 [WARN] ConditionMgr:1039 - genDependencies : Invalid condition id : UX DEVICE CLASS RTOS Condition cause : null
2024-03-06 11:08:25,928 [WARN] ConditionMgr:1039 - genDependencies : Invalid condition id : UX DEVICE CLASS RTOS Condition cause : null
2024-03-06 11:08:25,929 [WARN] ConditionMgr:1039 - genDependencies : Invalid condition id : UX DEVICE CLASS RTOS Condition cause : null
2024-03-06 11:08:25,929 [WARN] ConditionMgr:1039 - genDependencies : Invalid condition id : UX DEVICE CLASS RTOS Condition cause : null
2024-03-06 11:08:25,929 [WARN] ConditionMgr:1039 - genDependencies : Invalid condition id : UX DEVICE CLASS RTOS Condition cause : null
2024-03-06 11:08:25,955 [WARN] PackLoader:240 - Cannot read IP mode file for STMicroelectronics.X-CUBE-SUBG2.5.0.0
2024-03-06 11:08:25,982 [WARN] PackLoader:240 - Cannot read IP mode file for STMicroelectronics.X-CUBE-AZRTOS-G4.2.0.0
2024-03-06 11:08:26,003 [WARN] PackLoader:240 - Cannot read IP mode file for Infineon.AIROC-Wi-Fi-Bluetooth-STM32.1.5.1
2024-03-06 11:08:26,014 [WARN] PackLoader:240 - Cannot read IP mode file for STMicroelectronics.FP-SNS-MOTENVWB1.1.3.1
2024-03-06 11:08:26,019 [WARN] PackLoader:240 - Cannot read IP mode file for STMicroelectronics.X-CUBE-ISPU.2.0.0
2024-03-06 11:08:26,081 [WARN] PackLoader:240 - Cannot read IP mode file for STMicroelectronics.X-CUBE-MEMS1.10.0.0
2024-03-06 11:08:26,181 [WARN] PackLoader:240 - Cannot read IP mode file for STMicroelectronics.X-CUBE-FREERTOS.1.1.0
2024-03-06 11:08:26,191 [WARN] PackLoader:240 - Cannot read IP mode file for portGmbH.I-Cube-SoM-uGOAL.1.1.0
2024-03-06 11:08:26,194 [WARN] PackLoader:240 - Cannot read IP mode file for STMicroelectronics.X-CUBE-ALS.1.0.1
2024-03-06 11:08:26,196 [WARN] PackLoader:240 - Cannot read IP mode file for STMicroelectronics.FP-ATR-ASTRA1.2.0.0
2024-03-06 11:08:26,208 [WARN] PackLoader:240 - Cannot read IP mode file for STMicroelectronics.X-CUBE-TOF1.3.4.0
2024-03-06 11:08:26,241 [WARN] PackLoader:240 - Cannot read IP mode file for STMicroelectronics.X-CUBE-AZRTOS-H7.3.2.0
2024-03-06 11:08:26,247 [INFO] ThirdParty:978 - Integrity check success = true
2024-03-06 11:08:26,247 [INFO] IntegrityCheckThread:100 - exiting critical section [integrity check]
2024-03-06 11:08:26,248 [INFO] IntegrityCheckThread:103 - End integrity checks thread
2024-03-06 11:08:28,339 [INFO] WebApp:161 - Instantiating new browser for Auth
2024-03-06 11:08:29,359 [INFO] WebApp:780 - Register for checkConnection events
2024-03-06 11:08:29,359 [INFO] WebApp:414 - Apply proxy settings
2024-03-06 11:08:29,374 [INFO] WebApp:459 - Chromium authenticates against Manually configured proxy
2024-03-06 11:08:29,390 [INFO] WebApp:467 - Username used for proxy authentication: 
2024-03-06 11:08:29,510 [INFO] WebApp:192 - Starting web application
2024-03-06 11:08:29,511 [INFO] WebApp:544 - Web application path used /Applications/STM32CubeIDE.app/Contents/Eclipse/plugins/com.st.stm32cube.common.mx_6.10.0.202311202037/db/plugins/mcufinder/reactClient1/index.html
2024-03-06 11:08:50,655 [ERROR] LogOutputStream:75 - [STDERR_REDIRECT] SLF4J: Failed to load class "org.slf4j.impl.StaticLoggerBinder".
2024-03-06 11:08:50,656 [ERROR] LogOutputStream:75 - [STDERR_REDIRECT] SLF4J: Defaulting to no-operation (NOP) logger implementation
2024-03-06 11:08:50,656 [ERROR] LogOutputStream:75 - [STDERR_REDIRECT] SLF4J: See http://www.slf4j.org/codes.html#StaticLoggerBinder for further details.
2024-03-06 15:59:07,244 [ERROR] LogOutputStream:75 - [STDERR_REDIRECT] 
